[2015.10.24-17.55.25:831][  0]Log file open, 10/24/15 13:55:25
[2015.10.24-17.55.25:831][  0]LogInit:Display: Running engine for game: Time_Travel
[2015.10.24-17.55.25:831][  0]LogInit:Display: RandInit(-114579599) SRandInit(-114579598).
[2015.10.24-17.55.25:831][  0]LogTaskGraph: Started task graph with 4 named threads and 7 total threads.
[2015.10.24-17.55.25:831][  0]LogStats: Stats thread started at 0.071833
[2015.10.24-17.55.25:831][  0]LogInit: Version: 4.9.2-2707645+++depot+UE4-Releases+4.9
[2015.10.24-17.55.25:831][  0]LogInit: API Version: 2672455
[2015.10.24-17.55.25:831][  0]LogInit: Compiled (64-bit): Sep 28 2015 10:25:44
[2015.10.24-17.55.25:831][  0]LogInit: Compiled with Visual C++: 18.00.21005.01
[2015.10.24-17.55.25:831][  0]LogInit: Build Configuration: Development
[2015.10.24-17.55.25:831][  0]LogInit: Branch Name: ++depot+UE4-Releases+4.9
[2015.10.24-17.55.25:831][  0]LogInit: Command line: 
[2015.10.24-17.55.25:831][  0]LogInit: Base directory: C:/Program Files/Epic Games/4.9/Engine/Binaries/Win64/
[2015.10.24-17.55.25:831][  0]LogInit: Rocket: 1
[2015.10.24-17.55.25:837][  0]LogInit: Using libcurl 7.41.0
[2015.10.24-17.55.25:837][  0]LogInit:  - built for x86_64-pc-win32
[2015.10.24-17.55.25:837][  0]LogInit:  - supports SSL with WinSSL
[2015.10.24-17.55.25:837][  0]LogInit:  - other features:
[2015.10.24-17.55.25:837][  0]LogInit:      CURL_VERSION_SSL
[2015.10.24-17.55.25:837][  0]LogInit:      CURL_VERSION_IPV6
[2015.10.24-17.55.25:837][  0]LogInit:      CURL_VERSION_ASYNCHDNS
[2015.10.24-17.55.25:837][  0]LogInit:      CURL_VERSION_LARGEFILE
[2015.10.24-17.55.25:837][  0]LogInit:      CURL_VERSION_IDN
[2015.10.24-17.55.25:838][  0]LogInit:  CurlRequestOptions (configurable via config and command line):
[2015.10.24-17.55.25:838][  0]LogInit:  - bVerifyPeer = true  - Libcurl will verify peer certificate
[2015.10.24-17.55.25:838][  0]LogInit:  - bUseHttpProxy = false  - Libcurl will NOT use HTTP proxy
[2015.10.24-17.55.25:838][  0]LogInit:  - bDontReuseConnections = false  - Libcurl will reuse connections
[2015.10.24-17.55.25:838][  0]LogInit:  - CertBundlePath = nullptr  - Libcurl will use whatever was configured at build time.
[2015.10.24-17.55.25:844][  0]LogInit: Presizing for 0 objects not considered by GC, pre-allocating 0 bytes.
[2015.10.24-17.55.25:851][  0]LogInit: Object subsystem initialized
[2015.10.24-17.55.25:852][  0]LogInit: Selected Device Profile: [Windows]
[2015.10.24-17.55.25:852][  0]LogInit: Applying CVar settings loaded from the selected device profile: [Windows]
[2015.10.24-17.55.25:861][  0]LogInit: Computer: SA2502-PC02
[2015.10.24-17.55.25:861][  0]LogInit: User: donovk3
[2015.10.24-17.55.25:861][  0]LogInit: CPU Page size=4096, Cores=4
[2015.10.24-17.55.25:861][  0]LogInit: High frequency timer resolution =3.428076 MHz
[2015.10.24-17.55.25:861][  0]LogMemory: Memory total: Physical=15.9GB (16GB approx)
[2015.10.24-17.55.25:861][  0]LogMemory: Platform Memory Stats for Windows
[2015.10.24-17.55.25:861][  0]LogMemory: Process Physical Memory: 54.45 MB used, 54.45 MB peak
[2015.10.24-17.55.25:861][  0]LogMemory: Process Virtual Memory: 57.30 MB used, 57.30 MB peak
[2015.10.24-17.55.25:861][  0]LogMemory: Physical Memory: 3872.86 MB used, 16253.98 MB total
[2015.10.24-17.55.25:861][  0]LogMemory: Virtual Memory: 337.52 MB used, 8388608.00 MB total
[2015.10.24-17.55.25:892][  0]LogTextLocalizationManager: No specific translations for ('en-US') exist, so ('en') translations will be used.
[2015.10.24-17.55.26:605][  0]LogD3D11RHI: Found D3D11 adapter 0: NVIDIA GeForce GTX 680 (Feature Level 11_0)
[2015.10.24-17.55.26:605][  0]LogD3D11RHI: Adapter has 4027MB of dedicated video memory, 0MB of dedicated system memory, and 7870MB of shared system memory, 2 output[s]
[2015.10.24-17.55.26:609][  0]LogD3D11RHI: Found D3D11 adapter 1: Intel(R) HD Graphics 4000 (Feature Level 11_0)
[2015.10.24-17.55.26:609][  0]LogD3D11RHI: Adapter has 64MB of dedicated video memory, 0MB of dedicated system memory, and 1632MB of shared system memory, 0 output[s]
[2015.10.24-17.55.26:609][  0]LogD3D11RHI: Chosen D3D11 Adapter Id = 0
[2015.10.24-17.55.26:619][  0]LogD3D11RHI: !Direct3DDevice
[2015.10.24-17.55.26:620][  0]LogRHI: Texture pool is 1361 MB (70% of 1945 MB)
[2015.10.24-17.55.26:627][  0]LogD3D11RHI: Async texture creation enabled
[2015.10.24-17.55.26:640][  0]LogShaderCompilers: Guid format shader working directory is 15 characters bigger than the processId version (../../../../../../Users/donovk3/Documents/Unreal Projects/Unreal Project/Intermediate/Shaders/WorkingDirectory/5984/).
[2015.10.24-17.55.26:640][  0]LogShaderCompilers: Cleaned the shader compiler working directory '../../../../../../Users/donovk3/Documents/Unreal Projects/Unreal Project/Intermediate/Shaders/tmp/74633FA54E3F45B7DFC4DF93DFE889EB/'.
[2015.10.24-17.55.26:640][  0]LogShaderCompilers:Display: Using Local Shader Compiler.
[2015.10.24-17.55.27:760][  0]LogTemp:Display: Loaded TP AllDesktopTargetPlatform
[2015.10.24-17.55.27:764][  0]LogTemp:Display: Loaded TP WindowsClientTargetPlatform
[2015.10.24-17.55.27:769][  0]LogTemp:Display: Loaded TP WindowsNoEditorTargetPlatform
[2015.10.24-17.55.27:774][  0]LogTemp:Display: Loaded TP WindowsServerTargetPlatform
[2015.10.24-17.55.27:778][  0]LogTemp:Display: Loaded TP WindowsTargetPlatform
[2015.10.24-17.55.27:781][  0]LogTemp:Display: Loaded TP AndroidTargetPlatform
[2015.10.24-17.55.27:784][  0]LogTemp:Display: Loaded TP Android_ASTCTargetPlatform
[2015.10.24-17.55.27:788][  0]LogTemp:Display: Loaded TP Android_ATCTargetPlatform
[2015.10.24-17.55.27:791][  0]LogTemp:Display: Loaded TP Android_DXTTargetPlatform
[2015.10.24-17.55.27:794][  0]LogTemp:Display: Loaded TP Android_ETC1TargetPlatform
[2015.10.24-17.55.27:796][  0]LogTemp:Display: Loaded TP Android_ETC2TargetPlatform
[2015.10.24-17.55.27:799][  0]LogTemp:Display: Loaded TP Android_PVRTCTargetPlatform
[2015.10.24-17.55.27:800][  0]LogTemp:Display: Loaded TP HTML5TargetPlatform
[2015.10.24-17.55.27:816][  0]LogTemp:Display: Loaded TP IOSTargetPlatform
[2015.10.24-17.55.27:819][  0]LogTemp:Display: Loaded TP LinuxNoEditorTargetPlatform
[2015.10.24-17.55.27:822][  0]LogTemp:Display: Loaded TP LinuxServerTargetPlatform
[2015.10.24-17.55.27:825][  0]LogTemp:Display: Loaded TP LinuxTargetPlatform
[2015.10.24-17.55.27:825][  0]LogTargetPlatformManager:Display: Building Assets For Windows
[2015.10.24-17.55.27:898][  0]LogDerivedDataCache:Display: Max Cache Size: 512 MB
[2015.10.24-17.55.27:936][  0]LogDerivedDataCache: Loaded boot cache 0.04s 41MB C:/Users/donovk3/AppData/Local/UnrealEngine/4.9/DerivedDataCache/Boot.ddc.
[2015.10.24-17.55.27:936][  0]LogDerivedDataCache:Display: Loaded Boot cache: C:/Users/donovk3/AppData/Local/UnrealEngine/4.9/DerivedDataCache/Boot.ddc
[2015.10.24-17.55.27:936][  0]LogDerivedDataCache: FDerivedDataBackendGraph:  Pak pak cache file ../../../../../../Users/donovk3/Documents/Unreal Projects/Unreal Project/DerivedDataCache/DDC.ddp not found, will not use a pak cache.
[2015.10.24-17.55.27:936][  0]LogDerivedDataCache: Unable to find inner node Pak for hierarchical cache Hierarchy.
[2015.10.24-17.55.27:936][  0]LogDerivedDataCache: FDerivedDataBackendGraph:  CompressedPak pak cache file ../../../../../../Users/donovk3/Documents/Unreal Projects/Unreal Project/DerivedDataCache/Compressed.ddp not found, will not use a pak cache.
[2015.10.24-17.55.27:936][  0]LogDerivedDataCache: Unable to find inner node CompressedPak for hierarchical cache Hierarchy.
[2015.10.24-17.55.28:081][  0]LogDerivedDataCache:Display: Pak cache opened for reading ../../../Engine/DerivedDataCache/Compressed.ddp.
[2015.10.24-17.55.28:092][  0]LogDerivedDataCache: Using Local data cache path C:/Users/donovk3/AppData/Local/UnrealEngine/Common/DerivedDataCache: Writable
[2015.10.24-17.55.28:260][  0]LogInit: Selected Device Profile: [Windows]
[2015.10.24-17.55.28:261][  0]LogContentStreaming: Texture pool size is 0.000000MB
[2015.10.24-17.55.28:286][  0]LogMeshUtilities: No automatic mesh reduction module available
[2015.10.24-17.55.28:286][  0]LogMeshUtilities: No automatic mesh merging module available
[2015.10.24-17.55.28:611][  0]LogInit: WinSock: version 1.1 (2.2), MaxSocks=32767, MaxUdp=65467
[2015.10.24-17.55.29:212][  0]UdpMessaging: Initializing bridge on interface 0.0.0.0:0 to multicast group 230.0.0.1:6666.
[2015.10.24-17.55.29:314][  0]LogAssetRegistry: FAssetRegistry took 0.0096 seconds to start up
[2015.10.24-17.55.29:474][  0]SourceControl: Info Source control is disabled
[2015.10.24-17.55.29:481][  0]SourceControl: Info Source control is disabled
[2015.10.24-17.55.29:489][  0]SourceControl: Info Source control is disabled
[2015.10.24-17.55.29:498][  0]SourceControl: Info Source control is disabled
[2015.10.24-17.55.29:647][  0]LogLinker:Warning: Asset '../../../Engine/Plugins/Runtime/LeapMotionController/Content/LM_PassthroughMaterial.uasset' has been saved with empty engine version. The asset will be loaded but may be incompatible.
[2015.10.24-17.55.29:724][  0]LogObj: 28361 objects as part of root set at end of initial load.
[2015.10.24-17.55.29:724][  0]LogUObjectAllocator: 6038872 out of 0 bytes used by permanent object pool.
[2015.10.24-17.55.29:778][  0]LogEngine: Initializing Engine...
[2015.10.24-17.55.29:780][  0]LogHMD: Can't find Oculus library dev build: is proper Runtime installed? Version: 0.7.0.0
[2015.10.24-17.55.29:781][  0]LogHMD: SteamVR failed to initialize.  Err: 110
[2015.10.24-17.55.29:908][  0]LogAIModule: Creating AISystem for world NewWorld
[2015.10.24-17.55.29:915][  0]LogInit: XAudio2 using 'Speakers (Realtek High Definition Audio)' : 2 channels at 48 kHz using 32 bits per sample (channel mask 0x3)
[2015.10.24-17.55.29:941][  0]LogInit: FAudioDevice initialized.
[2015.10.24-17.55.29:960][  0]LogDerivedDataCache: Saved boot cache 0.02s 41MB C:/Users/donovk3/AppData/Local/UnrealEngine/4.9/DerivedDataCache/Boot.ddc.
[2015.10.24-17.55.29:964][  0]LogInit: Texture streaming: Enabled
[2015.10.24-17.55.29:968][  0]LogAnalytics: Creating configured Analytics provider AnalyticsET
[2015.10.24-17.55.29:968][  0]LogAnalytics: [UEEditor.Rocket.Release] APIServer = http://et2.epicgames.com/ET2/. AppVersion = 4.9.2-2707645+++depot+UE4-Releases+4.9
[2015.10.24-17.55.29:968][  0]LogAnalytics: [UEEditor.Rocket.Release] SetUserId fcea5a2141a743656a50c19051b49d28|206f56798bb04ffda163e83985144603|5ce59de3-559d-47e0-90fc-65e2a0db533c
[2015.10.24-17.55.29:968][  0]LogAnalytics: [UEEditor.Rocket.Release] AnalyticsET::StartSession
[2015.10.24-17.55.29:984][  0]LogInit: Transaction tracking system initialized
[2015.10.24-17.55.30:011][  0]BlueprintLog: New page: Editor Load
[2015.10.24-17.55.30:079][  0]LocalizationService: Info Localization service is disabled
[2015.10.24-17.55.30:139][  0]LogConsoleResponse:Display: 
[2015.10.24-17.55.30:248][  0]LogFileCache: Scanning file cache for directory 'C:/Users/donovk3/Documents/Unreal Projects/Unreal Project/Content/' took 0.01s
[2015.10.24-17.55.30:248][  0]LogCook:Display: Done creating registry. It took  0.00s.
[2015.10.24-17.55.30:295][  0]SourceControl: Info Source control is disabled
[2015.10.24-17.55.30:295][  0]Cmd: MAP LOAD FILE="../../../../../../Users/donovk3/Documents/Unreal Projects/Unreal Project/Content/ThirdPersonBP/Maps/ThirdPersonExampleMap.umap" TEMPLATE=0 SHOWPROGRESS=1 FEATURELEVEL=3
[2015.10.24-17.55.30:296][  0]LightingResults: New page: Lighting Build
[2015.10.24-17.55.30:299][  0]MapCheck: New page: Map Check
[2015.10.24-17.55.30:299][  0]LightingResults: New page: Lighting Build
[2015.10.24-17.55.30:307][  0]LogParticles: Destroying 0 GPU particle simulations for FXSystem 0x000000002448A160
[2015.10.24-17.55.30:310][  0]LogLinker:Warning: Asset '../../../../../../Users/donovk3/Documents/Unreal Projects/Unreal Project/Content/ThirdPersonBP/Blueprints/ThirdPersonCharacter.uasset' has been saved with empty engine version. The asset will be loaded but may be incompatible.
[2015.10.24-17.55.30:311][  0]LogLinker:Warning: Asset '../../../../../../Users/donovk3/Documents/Unreal Projects/Unreal Project/Content/Mannequin/Animations/ThirdPerson_AnimBP.uasset' has been saved with empty engine version. The asset will be loaded but may be incompatible.
[2015.10.24-17.55.30:314][  0]LogLinker:Warning: Asset '../../../../../../Users/donovk3/Documents/Unreal Projects/Unreal Project/Content/Mannequin/Animations/ThirdPerson_Jump.uasset' has been saved with empty engine version. The asset will be loaded but may be incompatible.
[2015.10.24-17.55.30:316][  0]LogLinker:Warning: Asset '../../../../../../Users/donovk3/Documents/Unreal Projects/Unreal Project/Content/Mannequin/Animations/ThirdPersonJump_Loop.uasset' has been saved with empty engine version. The asset will be loaded but may be incompatible.
[2015.10.24-17.55.30:317][  0]LogLinker:Warning: Asset '../../../../../../Users/donovk3/Documents/Unreal Projects/Unreal Project/Content/Mannequin/Animations/ThirdPersonJump_Start.uasset' has been saved with empty engine version. The asset will be loaded but may be incompatible.
[2015.10.24-17.55.30:318][  0]LogLinker:Warning: Asset '../../../../../../Users/donovk3/Documents/Unreal Projects/Unreal Project/Content/Mannequin/Animations/ThirdPerson_IdleRun_2D.uasset' has been saved with empty engine version. The asset will be loaded but may be incompatible.
[2015.10.24-17.55.30:319][  0]LogLinker:Warning: Asset '../../../../../../Users/donovk3/Documents/Unreal Projects/Unreal Project/Content/Mannequin/Animations/ThirdPersonIdle.uasset' has been saved with empty engine version. The asset will be loaded but may be incompatible.
[2015.10.24-17.55.30:320][  0]LogLinker:Warning: Asset '../../../../../../Users/donovk3/Documents/Unreal Projects/Unreal Project/Content/Mannequin/Animations/ThirdPersonRun.uasset' has been saved with empty engine version. The asset will be loaded but may be incompatible.
[2015.10.24-17.55.30:321][  0]LogLinker:Warning: Asset '../../../../../../Users/donovk3/Documents/Unreal Projects/Unreal Project/Content/Mannequin/Animations/ThirdPersonWalk.uasset' has been saved with empty engine version. The asset will be loaded but may be incompatible.
[2015.10.24-17.55.30:952][  0]LogAIModule: Creating AISystem for world ThirdPersonExampleMap
[2015.10.24-17.55.30:968][  0]LogEditorServer: Finished looking for orphan Actors (0.000 secs)
[2015.10.24-17.55.30:968][  0]Cmd: MAP CHECKDEP NOCLEARLOG
[2015.10.24-17.55.31:013][  0]MapCheck: Info Map check complete: 0 Error(s), 0 Warning(s), took 44.627ms to complete.
[2015.10.24-17.55.31:013][  0]LogFileHelpers: Loading map 'ThirdPersonExampleMap' took 0.718
[2015.10.24-17.55.31:140][  0]LogCollectionManager: Loaded 0 collections in 0.001567 seconds
[2015.10.24-17.55.31:183][  0]LogFileCache: Scanning file cache for directory 'C:/Users/donovk3/Documents/Unreal Projects/Unreal Project/Saved/Collections/' took 0.01s
[2015.10.24-17.55.31:183][  0]LogFileCache: Scanning file cache for directory 'C:/Users/donovk3/Documents/Unreal Projects/Unreal Project/Content/Developers/donovk3/Collections/' took 0.01s
[2015.10.24-17.55.31:183][  0]LogFileCache: Scanning file cache for directory 'C:/Users/donovk3/Documents/Unreal Projects/Unreal Project/Content/Collections/' took 0.01s
[2015.10.24-17.55.31:183][  0]LogContentBrowser: Native class hierarchy populated in 0.0074 seconds. Added 1867 classes and 333 folders.
[2015.10.24-17.55.31:196][  0]LogCollectionManager: Rebuilt the GUID cache for 0 collections in 0.000002 seconds
[2015.10.24-17.55.31:207][  0]LogContentBrowser: Native class hierarchy updated for 'WidgetCarousel' in 0.0003 seconds. Added 0 classes and 0 folders.
[2015.10.24-17.55.31:413][  0]LogContentBrowser: Native class hierarchy updated for 'AddContentDialog' in 0.0003 seconds. Added 0 classes and 0 folders.
[2015.10.24-17.55.31:420][  0]LogContentBrowser: Native class hierarchy updated for 'SceneOutliner' in 0.0003 seconds. Added 1 classes and 2 folders.
[2015.10.24-17.55.31:462][  0]LogCrashTracker: Crashtracker disabled due to settings.
[2015.10.24-17.55.31:524][  0]LogLoad: Full Startup: 6.17 seconds (BP compile: 0.11 seconds)
[2015.10.24-17.55.31:626][  0]LogContentStreaming: Texture pool size now 1000 MB
[2015.10.24-17.55.31:760][  0]LogRenderer: Reallocating scene render targets to support 1208x652 (Frame:2).
[2015.10.24-17.55.31:988][  4]LogAssetRegistry: Asset discovery search completed in 2.6842 seconds
[2015.10.24-17.55.31:988][  4]LogCollectionManager: Rebuilt the object cache for 0 collections in 0.000001 seconds (found 0 objects)
[2015.10.24-17.55.31:988][  4]LogCollectionManager: Fixed up redirectors for 0 collections in 0.000021 seconds (updated 0 objects)
[2015.10.24-17.56.26:261][334]LogBlueprintUserMessages: Early PlayInEditor Detection: Level '/Game/ThirdPersonBP/Maps/ThirdPersonExampleMap.ThirdPersonExampleMap:PersistentLevel' has LevelScriptBlueprint '/Game/ThirdPersonBP/Maps/ThirdPersonExampleMap.ThirdPersonExampleMap:PersistentLevel.ThirdPersonExampleMap' with GeneratedClass '/Game/ThirdPersonBP/Maps/ThirdPersonExampleMap.ThirdPersonExampleMap_C' with ClassGeneratedBy '/Game/ThirdPersonBP/Maps/ThirdPersonExampleMap.ThirdPersonExampleMap:PersistentLevel.ThirdPersonExampleMap'
[2015.10.24-17.56.26:261][334]LogPlayLevel: PlayLevel: No blueprints needed recompiling
[2015.10.24-17.56.26:262][334]PIE: New page: PIE session: ThirdPersonExampleMap (Oct 24, 2015, 9:56:26 AM)
[2015.10.24-17.56.26:262][334]LogPlayLevel: Creating play world package: /Game/ThirdPersonBP/Maps/UEDPIE_0_ThirdPersonExampleMap
[2015.10.24-17.56.26:283][334]LogPlayLevel: PIE: StaticDuplicateObject took: (0.021078s)
[2015.10.24-17.56.26:284][334]LogAIModule: Creating AISystem for world ThirdPersonExampleMap
[2015.10.24-17.56.26:284][334]LogPlayLevel: PIE: World Init took: (0.001013s)
[2015.10.24-17.56.26:284][334]LogPlayLevel: PIE: Created PIE world by copying editor world from /Game/ThirdPersonBP/Maps/ThirdPersonExampleMap.ThirdPersonExampleMap to /Game/ThirdPersonBP/Maps/UEDPIE_0_ThirdPersonExampleMap.ThirdPersonExampleMap (0.022341s)
[2015.10.24-17.56.26:307][334]LogInit: XAudio2 using 'Speakers (Realtek High Definition Audio)' : 2 channels at 48 kHz using 32 bits per sample (channel mask 0x3)
[2015.10.24-17.56.26:314][334]LogInit: FAudioDevice initialized.
[2015.10.24-17.56.26:365][334]LogWorld: Game class is 'ThirdPersonGameMode_C'
[2015.10.24-17.56.26:371][334]LogWorld: Bringing World /Game/ThirdPersonBP/Maps/UEDPIE_0_ThirdPersonExampleMap.ThirdPersonExampleMap up for play (max tick rate 0) at 2015.10.24-13.56.26
[2015.10.24-17.56.26:371][334]LogActor:Warning: GameSession /Game/ThirdPersonBP/Maps/UEDPIE_0_ThirdPersonExampleMap.ThirdPersonExampleMap:PersistentLevel.GameSession_0 has natively added scene component(s), but none of them were set as the actor's RootComponent - picking one arbitrarily
[2015.10.24-17.56.26:371][334]LogActor:Warning: GameNetworkManager /Game/ThirdPersonBP/Maps/UEDPIE_0_ThirdPersonExampleMap.ThirdPersonExampleMap:PersistentLevel.GameNetworkManager_0 has natively added scene component(s), but none of them were set as the actor's RootComponent - picking one arbitrarily
[2015.10.24-17.56.26:372][334]LogWorld: Bringing up level for play took: 0.004706
[2015.10.24-17.56.26:377][334]PIE: Info Play in editor start time for /Game/ThirdPersonBP/Maps/UEDPIE_0_ThirdPersonExampleMap 0.447
[2015.10.24-17.56.26:377][334]LogBlueprintUserMessages: Late PlayInEditor Detection: Level '/Game/ThirdPersonBP/Maps/ThirdPersonExampleMap.ThirdPersonExampleMap:PersistentLevel' has LevelScriptBlueprint '/Game/ThirdPersonBP/Maps/ThirdPersonExampleMap.ThirdPersonExampleMap:PersistentLevel.ThirdPersonExampleMap' with GeneratedClass '/Game/ThirdPersonBP/Maps/ThirdPersonExampleMap.ThirdPersonExampleMap_C' with ClassGeneratedBy '/Game/ThirdPersonBP/Maps/ThirdPersonExampleMap.ThirdPersonExampleMap:PersistentLevel.ThirdPersonExampleMap'
[2015.10.24-17.56.48:749][  9]LogBlueprintUserMessages: Early EndPlayMap Detection: Level '/Game/ThirdPersonBP/Maps/ThirdPersonExampleMap.ThirdPersonExampleMap:PersistentLevel' has LevelScriptBlueprint '/Game/ThirdPersonBP/Maps/ThirdPersonExampleMap.ThirdPersonExampleMap:PersistentLevel.ThirdPersonExampleMap' with GeneratedClass '/Game/ThirdPersonBP/Maps/ThirdPersonExampleMap.ThirdPersonExampleMap_C' with ClassGeneratedBy '/Game/ThirdPersonBP/Maps/ThirdPersonExampleMap.ThirdPersonExampleMap:PersistentLevel.ThirdPersonExampleMap'
[2015.10.24-17.56.48:777][  9]LogBlueprintUserMessages: Late EndPlayMap Detection: Level '/Game/ThirdPersonBP/Maps/ThirdPersonExampleMap.ThirdPersonExampleMap:PersistentLevel' has LevelScriptBlueprint '/Game/ThirdPersonBP/Maps/ThirdPersonExampleMap.ThirdPersonExampleMap:PersistentLevel.ThirdPersonExampleMap' with GeneratedClass '/Game/ThirdPersonBP/Maps/ThirdPersonExampleMap.ThirdPersonExampleMap_C' with ClassGeneratedBy '/Game/ThirdPersonBP/Maps/ThirdPersonExampleMap.ThirdPersonExampleMap:PersistentLevel.ThirdPersonExampleMap'
[2015.10.24-17.56.48:787][  9]LogParticles: Destroying 0 GPU particle simulations for FXSystem 0x0000000030C54900
[2015.10.24-17.56.52:125][320]MapCheck: New page: Map Check
[2015.10.24-17.56.52:147][320]Cmd: MAP REBUILD ALLVISIBLE
[2015.10.24-17.56.52:147][320]LogEditorServer: Rebuildmap Clear paths rebuilt
[2015.10.24-17.56.52:170][320]MapCheck:Warning: Warning WorldInfo_0 Hierarchical LOD System is disabled or no HLOD level settings available, unable to build LOD actors. 
[2015.10.24-17.56.52:170][320]LogStats:          STAT_HLOD_BuildClusters -  8.598 ms
[2015.10.24-17.56.52:171][320]LightingResults: New page: Lighting Build - Oct 24, 2015, 9:56:52 AM
[2015.10.24-17.56.57:024][320]LogStaticLightingSystem: Running Lightmass w/ ImmediateImport mode ENABLED
[2015.10.24-17.56.57:024][320]LogStaticLightingSystem: Running Lightmass w/ ImmediateProcess mode ENABLED
[2015.10.24-17.56.57:024][320]LogStaticLightingSystem: Running Lightmass w/ Sorting mode ENABLED
[2015.10.24-17.56.57:024][320]LogStaticLightingSystem: Running Lightmass w/ Mapping paddings ENABLED
[2015.10.24-17.56.57:024][320]LogStaticLightingSystem: Running Lightmass w/ Mapping debug paddings DISABLED
[2015.10.24-17.56.57:222][320]LogEditorBuildUtils: Build time 0:00:05
[2015.10.24-17.56.57:232][320]LogMaterial: Missing cached shader map for material FLightmassMaterialRenderer MaterialInstanceDynamic_26, compiling. 
[2015.10.24-17.56.57:240][320]LogMaterial: Missing cached shader map for material FLightmassMaterialRenderer MaterialInstanceDynamic_26, compiling. 
[2015.10.24-17.56.57:284][321]LogMaterial: Missing cached shader map for material FLightmassMaterialRenderer RampMaterial, compiling. 
[2015.10.24-17.56.57:288][321]LogMaterial: Missing cached shader map for material FLightmassMaterialRenderer RampMaterial, compiling. 
[2015.10.24-17.56.57:294][321]LogMaterial: Missing cached shader map for material FLightmassMaterialRenderer CubeMaterial, compiling. 
[2015.10.24-17.56.57:299][321]LogMaterial: Missing cached shader map for material FLightmassMaterialRenderer CubeMaterial, compiling. 
[2015.10.24-17.56.57:341][322]LogMaterial: Missing cached shader map for material FLightmassMaterialRenderer WorldGridMaterial, compiling. Is special engine material.
[2015.10.24-17.56.57:348][322]LogMaterial: Missing cached shader map for material FLightmassMaterialRenderer WorldGridMaterial, compiling. Is special engine material.
[2015.10.24-17.57.03:661][600]Job is a success!
[2015.10.24-17.57.03:983][601]LogTexture:Display: Building textures: SkyOcclusion1_1 (AutoDXT)
[2015.10.24-17.57.04:108][601]LogTexture:Display: Building textures: LQ_Lightmap_1_6 (DXT1)
[2015.10.24-17.57.04:112][601]LogTexture:Display: Building textures: HQ_Lightmap0_6 (AutoDXT)
[2015.10.24-17.57.04:112][601]LogTexture:Display: Building textures: SkyOcclusion1_6 (AutoDXT)
[2015.10.24-17.57.04:115][601]LogTexture:Display: Building textures: LQ_Lightmap_1_5 (DXT1)
[2015.10.24-17.57.04:130][601]LogTexture:Display: Building textures: HQ_Lightmap0_5 (AutoDXT)
[2015.10.24-17.57.04:165][601]LogTexture:Display: Building textures: SkyOcclusion1_5 (AutoDXT)
[2015.10.24-17.57.04:186][601]LogTexture:Display: Building textures: LQ_Lightmap_1_4 (DXT1)
[2015.10.24-17.57.04:202][601]LogTexture:Display: Building textures: HQ_Lightmap0_4 (AutoDXT)
[2015.10.24-17.57.04:247][601]LogTexture:Display: Building textures: SkyOcclusion1_4 (AutoDXT)
[2015.10.24-17.57.04:268][601]LogTexture:Display: Building textures: LQ_Lightmap_1_3 (DXT1)
[2015.10.24-17.57.04:284][601]LogTexture:Display: Building textures: HQ_Lightmap0_3 (AutoDXT)
[2015.10.24-17.57.04:316][601]LogTexture:Display: Building textures: SkyOcclusion1_3 (AutoDXT)
[2015.10.24-17.57.04:340][601]LogTexture:Display: Building textures: LQ_Lightmap_1_2 (DXT1)
[2015.10.24-17.57.04:409][601]LogTexture:Display: Building textures: HQ_Lightmap0_2 (AutoDXT)
[2015.10.24-17.57.04:566][601]LogTexture:Display: Building textures: SkyOcclusion1_2 (AutoDXT)
[2015.10.24-17.57.04:627][601]LogTexture:Display: Building textures: LQ_Lightmap_1_1 (DXT1)
[2015.10.24-17.57.04:702][601]LogTexture:Display: Building textures: HQ_Lightmap0_1 (AutoDXT)
[2015.10.24-17.57.05:040][601]LogTexture:Display: Building textures: ShadowMapTexture2D_0 (G8)
[2015.10.24-17.57.05:160][601]LogTexture:Display: Building textures: ShadowMapTexture2D_1 (G8)
[2015.10.24-17.57.05:202][601]LogTexture:Display: Building textures: ShadowMapTexture2D_2 (G8)
[2015.10.24-17.57.05:231][601]LogTexture:Display: Building textures: ShadowMapTexture2D_3 (G8)
[2015.10.24-17.57.05:260][601]LogTexture:Display: Building textures: ShadowMapTexture2D_4 (G8)
[2015.10.24-17.57.05:264][601]LogTexture:Display: Building textures: ShadowMapTexture2D_5 (G8)
[2015.10.24-17.57.05:309][601]Lightmass on SA2502-PC02: 5.72 sec total, 117 ms importing, 1 ms setup, 415 ms photons, 5.13 sec processing, 0 ms extra exporting [12/12 mappings]. Threads: 35.7 sec total, 10.8 sec processing.
[2015.10.24-17.57.05:327][601]LogStaticLightingSystem: Illumination: 13.1 sec (1.49 sec encoding lightmaps)
[2015.10.24-17.57.05:327][601]LogStaticLightingSystem: Lightmap texture memory:  3.7 MB (3.7 MB streaming, 0.0 MB non-streaming), 12 textures
[2015.10.24-17.57.05:327][601]LogStaticLightingSystem: Shadowmap texture memory: 1.8 MB (1.8 MB streaming, 0.0 MB non-streaming), 6 textures
[2015.10.24-17.57.06:017][602]Cmd: MAP CHECK NOTIFYRESULTS
[2015.10.24-17.57.06:017][602]MapCheck: New page: ThirdPersonExampleMap - Oct 24, 2015, 9:57:06 AM
[2015.10.24-17.57.06:100][602]MapCheck: Info Map check complete: 0 Error(s), 0 Warning(s), took 83.239ms to complete.
[2015.10.24-17.57.22:570][145]LogBlueprintUserMessages: Early PlayInEditor Detection: Level '/Game/ThirdPersonBP/Maps/ThirdPersonExampleMap.ThirdPersonExampleMap:PersistentLevel' has LevelScriptBlueprint '/Game/ThirdPersonBP/Maps/ThirdPersonExampleMap.ThirdPersonExampleMap:PersistentLevel.ThirdPersonExampleMap' with GeneratedClass '/Game/ThirdPersonBP/Maps/ThirdPersonExampleMap.ThirdPersonExampleMap_C' with ClassGeneratedBy '/Game/ThirdPersonBP/Maps/ThirdPersonExampleMap.ThirdPersonExampleMap:PersistentLevel.ThirdPersonExampleMap'
[2015.10.24-17.57.22:570][145]LogPlayLevel: PlayLevel: No blueprints needed recompiling
[2015.10.24-17.57.22:570][145]PIE: New page: SIE session: ThirdPersonExampleMap (Oct 24, 2015, 9:57:22 AM)
[2015.10.24-17.57.22:570][145]LogPlayLevel: Creating play world package: /Game/ThirdPersonBP/Maps/UEDPIE_0_ThirdPersonExampleMap
[2015.10.24-17.57.22:587][145]LogPlayLevel: PIE: StaticDuplicateObject took: (0.017140s)
[2015.10.24-17.57.22:588][145]LogAIModule: Creating AISystem for world ThirdPersonExampleMap
[2015.10.24-17.57.22:588][145]LogPlayLevel: PIE: World Init took: (0.000686s)
[2015.10.24-17.57.22:588][145]LogPlayLevel: PIE: Created PIE world by copying editor world from /Game/ThirdPersonBP/Maps/ThirdPersonExampleMap.ThirdPersonExampleMap to /Game/ThirdPersonBP/Maps/UEDPIE_0_ThirdPersonExampleMap.ThirdPersonExampleMap (0.018040s)
[2015.10.24-17.57.22:602][145]LogInit: XAudio2 using 'Speakers (Realtek High Definition Audio)' : 2 channels at 48 kHz using 32 bits per sample (channel mask 0x3)
[2015.10.24-17.57.22:608][145]LogInit: FAudioDevice initialized.
[2015.10.24-17.57.22:639][145]LogWorld: Game class is 'ThirdPersonGameMode_C'
[2015.10.24-17.57.22:644][145]LogWorld: Bringing World /Game/ThirdPersonBP/Maps/UEDPIE_0_ThirdPersonExampleMap.ThirdPersonExampleMap up for play (max tick rate 0) at 2015.10.24-13.57.22
[2015.10.24-17.57.22:644][145]LogActor:Warning: GameSession /Game/ThirdPersonBP/Maps/UEDPIE_0_ThirdPersonExampleMap.ThirdPersonExampleMap:PersistentLevel.GameSession_1 has natively added scene component(s), but none of them were set as the actor's RootComponent - picking one arbitrarily
[2015.10.24-17.57.22:644][145]LogActor:Warning: GameNetworkManager /Game/ThirdPersonBP/Maps/UEDPIE_0_ThirdPersonExampleMap.ThirdPersonExampleMap:PersistentLevel.GameNetworkManager_1 has natively added scene component(s), but none of them were set as the actor's RootComponent - picking one arbitrarily
[2015.10.24-17.57.22:644][145]LogWorld: Bringing up level for play took: 0.003873
[2015.10.24-17.57.22:645][145]PIE: Info Play in editor start time for /Game/ThirdPersonBP/Maps/UEDPIE_0_ThirdPersonExampleMap 0.713
[2015.10.24-17.57.22:649][145]LogBlueprintUserMessages: Late PlayInEditor Detection: Level '/Game/ThirdPersonBP/Maps/ThirdPersonExampleMap.ThirdPersonExampleMap:PersistentLevel' has LevelScriptBlueprint '/Game/ThirdPersonBP/Maps/ThirdPersonExampleMap.ThirdPersonExampleMap:PersistentLevel.ThirdPersonExampleMap' with GeneratedClass '/Game/ThirdPersonBP/Maps/ThirdPersonExampleMap.ThirdPersonExampleMap_C' with ClassGeneratedBy '/Game/ThirdPersonBP/Maps/ThirdPersonExampleMap.ThirdPersonExampleMap:PersistentLevel.ThirdPersonExampleMap'
[2015.10.24-17.57.26:004][482]LogBlueprintUserMessages: Early EndPlayMap Detection: Level '/Game/ThirdPersonBP/Maps/ThirdPersonExampleMap.ThirdPersonExampleMap:PersistentLevel' has LevelScriptBlueprint '/Game/ThirdPersonBP/Maps/ThirdPersonExampleMap.ThirdPersonExampleMap:PersistentLevel.ThirdPersonExampleMap' with GeneratedClass '/Game/ThirdPersonBP/Maps/ThirdPersonExampleMap.ThirdPersonExampleMap_C' with ClassGeneratedBy '/Game/ThirdPersonBP/Maps/ThirdPersonExampleMap.ThirdPersonExampleMap:PersistentLevel.ThirdPersonExampleMap'
[2015.10.24-17.57.26:036][482]LogBlueprintUserMessages: Late EndPlayMap Detection: Level '/Game/ThirdPersonBP/Maps/ThirdPersonExampleMap.ThirdPersonExampleMap:PersistentLevel' has LevelScriptBlueprint '/Game/ThirdPersonBP/Maps/ThirdPersonExampleMap.ThirdPersonExampleMap:PersistentLevel.ThirdPersonExampleMap' with GeneratedClass '/Game/ThirdPersonBP/Maps/ThirdPersonExampleMap.ThirdPersonExampleMap_C' with ClassGeneratedBy '/Game/ThirdPersonBP/Maps/ThirdPersonExampleMap.ThirdPersonExampleMap:PersistentLevel.ThirdPersonExampleMap'
[2015.10.24-17.57.26:057][483]LogParticles: Destroying 0 GPU particle simulations for FXSystem 0x0000000012894EA0
[2015.10.24-17.57.29:545][864]LogBlueprintUserMessages: Early PlayInEditor Detection: Level '/Game/ThirdPersonBP/Maps/ThirdPersonExampleMap.ThirdPersonExampleMap:PersistentLevel' has LevelScriptBlueprint '/Game/ThirdPersonBP/Maps/ThirdPersonExampleMap.ThirdPersonExampleMap:PersistentLevel.ThirdPersonExampleMap' with GeneratedClass '/Game/ThirdPersonBP/Maps/ThirdPersonExampleMap.ThirdPersonExampleMap_C' with ClassGeneratedBy '/Game/ThirdPersonBP/Maps/ThirdPersonExampleMap.ThirdPersonExampleMap:PersistentLevel.ThirdPersonExampleMap'
[2015.10.24-17.57.29:545][864]LogPlayLevel: PlayLevel: No blueprints needed recompiling
[2015.10.24-17.57.29:545][864]PIE: New page: SIE session: ThirdPersonExampleMap (Oct 24, 2015, 9:57:29 AM)
[2015.10.24-17.57.29:545][864]LogPlayLevel: Creating play world package: /Game/ThirdPersonBP/Maps/UEDPIE_0_ThirdPersonExampleMap
[2015.10.24-17.57.29:574][864]LogPlayLevel: PIE: StaticDuplicateObject took: (0.028804s)
[2015.10.24-17.57.29:575][864]LogAIModule: Creating AISystem for world ThirdPersonExampleMap
[2015.10.24-17.57.29:575][864]LogPlayLevel: PIE: World Init took: (0.000652s)
[2015.10.24-17.57.29:575][864]LogPlayLevel: PIE: Created PIE world by copying editor world from /Game/ThirdPersonBP/Maps/ThirdPersonExampleMap.ThirdPersonExampleMap to /Game/ThirdPersonBP/Maps/UEDPIE_0_ThirdPersonExampleMap.ThirdPersonExampleMap (0.029634s)
[2015.10.24-17.57.29:589][864]LogInit: XAudio2 using 'Speakers (Realtek High Definition Audio)' : 2 channels at 48 kHz using 32 bits per sample (channel mask 0x3)
[2015.10.24-17.57.29:596][864]LogInit: FAudioDevice initialized.
[2015.10.24-17.57.29:627][864]LogWorld: Game class is 'ThirdPersonGameMode_C'
[2015.10.24-17.57.29:632][864]LogWorld: Bringing World /Game/ThirdPersonBP/Maps/UEDPIE_0_ThirdPersonExampleMap.ThirdPersonExampleMap up for play (max tick rate 0) at 2015.10.24-13.57.29
[2015.10.24-17.57.29:632][864]LogActor:Warning: GameSession /Game/ThirdPersonBP/Maps/UEDPIE_0_ThirdPersonExampleMap.ThirdPersonExampleMap:PersistentLevel.GameSession_2 has natively added scene component(s), but none of them were set as the actor's RootComponent - picking one arbitrarily
[2015.10.24-17.57.29:632][864]LogActor:Warning: GameNetworkManager /Game/ThirdPersonBP/Maps/UEDPIE_0_ThirdPersonExampleMap.ThirdPersonExampleMap:PersistentLevel.GameNetworkManager_2 has natively added scene component(s), but none of them were set as the actor's RootComponent - picking one arbitrarily
[2015.10.24-17.57.29:632][864]LogWorld: Bringing up level for play took: 0.003847
[2015.10.24-17.57.29:633][864]PIE: Info Play in editor start time for /Game/ThirdPersonBP/Maps/UEDPIE_0_ThirdPersonExampleMap -0.3
[2015.10.24-17.57.29:634][864]LogBlueprintUserMessages: Late PlayInEditor Detection: Level '/Game/ThirdPersonBP/Maps/ThirdPersonExampleMap.ThirdPersonExampleMap:PersistentLevel' has LevelScriptBlueprint '/Game/ThirdPersonBP/Maps/ThirdPersonExampleMap.ThirdPersonExampleMap:PersistentLevel.ThirdPersonExampleMap' with GeneratedClass '/Game/ThirdPersonBP/Maps/ThirdPersonExampleMap.ThirdPersonExampleMap_C' with ClassGeneratedBy '/Game/ThirdPersonBP/Maps/ThirdPersonExampleMap.ThirdPersonExampleMap:PersistentLevel.ThirdPersonExampleMap'
[2015.10.24-17.57.33:010][181]LogBlueprintUserMessages: Early EndPlayMap Detection: Level '/Game/ThirdPersonBP/Maps/ThirdPersonExampleMap.ThirdPersonExampleMap:PersistentLevel' has LevelScriptBlueprint '/Game/ThirdPersonBP/Maps/ThirdPersonExampleMap.ThirdPersonExampleMap:PersistentLevel.ThirdPersonExampleMap' with GeneratedClass '/Game/ThirdPersonBP/Maps/ThirdPersonExampleMap.ThirdPersonExampleMap_C' with ClassGeneratedBy '/Game/ThirdPersonBP/Maps/ThirdPersonExampleMap.ThirdPersonExampleMap:PersistentLevel.ThirdPersonExampleMap'
[2015.10.24-17.57.33:039][181]LogBlueprintUserMessages: Late EndPlayMap Detection: Level '/Game/ThirdPersonBP/Maps/ThirdPersonExampleMap.ThirdPersonExampleMap:PersistentLevel' has LevelScriptBlueprint '/Game/ThirdPersonBP/Maps/ThirdPersonExampleMap.ThirdPersonExampleMap:PersistentLevel.ThirdPersonExampleMap' with GeneratedClass '/Game/ThirdPersonBP/Maps/ThirdPersonExampleMap.ThirdPersonExampleMap_C' with ClassGeneratedBy '/Game/ThirdPersonBP/Maps/ThirdPersonExampleMap.ThirdPersonExampleMap:PersistentLevel.ThirdPersonExampleMap'
[2015.10.24-17.57.33:060][182]LogParticles: Destroying 0 GPU particle simulations for FXSystem 0x0000000012829D00
[2015.10.24-17.57.39:935][943]LogBlueprintUserMessages: Early PlayInEditor Detection: Level '/Game/ThirdPersonBP/Maps/ThirdPersonExampleMap.ThirdPersonExampleMap:PersistentLevel' has LevelScriptBlueprint '/Game/ThirdPersonBP/Maps/ThirdPersonExampleMap.ThirdPersonExampleMap:PersistentLevel.ThirdPersonExampleMap' with GeneratedClass '/Game/ThirdPersonBP/Maps/ThirdPersonExampleMap.ThirdPersonExampleMap_C' with ClassGeneratedBy '/Game/ThirdPersonBP/Maps/ThirdPersonExampleMap.ThirdPersonExampleMap:PersistentLevel.ThirdPersonExampleMap'
[2015.10.24-17.57.39:935][943]LogPlayLevel: PlayLevel: No blueprints needed recompiling
[2015.10.24-17.57.39:936][943]PIE: New page: PIE session: ThirdPersonExampleMap (Oct 24, 2015, 9:57:39 AM)
[2015.10.24-17.57.39:936][943]LogPlayLevel: Creating play world package: /Game/ThirdPersonBP/Maps/UEDPIE_0_ThirdPersonExampleMap
[2015.10.24-17.57.39:952][943]LogPlayLevel: PIE: StaticDuplicateObject took: (0.015948s)
[2015.10.24-17.57.39:952][943]LogAIModule: Creating AISystem for world ThirdPersonExampleMap
[2015.10.24-17.57.39:952][943]LogPlayLevel: PIE: World Init took: (0.000671s)
[2015.10.24-17.57.39:952][943]LogPlayLevel: PIE: Created PIE world by copying editor world from /Game/ThirdPersonBP/Maps/ThirdPersonExampleMap.ThirdPersonExampleMap to /Game/ThirdPersonBP/Maps/UEDPIE_0_ThirdPersonExampleMap.ThirdPersonExampleMap (0.016823s)
[2015.10.24-17.57.39:965][943]LogInit: XAudio2 using 'Speakers (Realtek High Definition Audio)' : 2 channels at 48 kHz using 32 bits per sample (channel mask 0x3)
[2015.10.24-17.57.39:972][943]LogInit: FAudioDevice initialized.
[2015.10.24-17.57.40:017][943]LogWorld: Game class is 'ThirdPersonGameMode_C'
[2015.10.24-17.57.40:022][943]LogWorld: Bringing World /Game/ThirdPersonBP/Maps/UEDPIE_0_ThirdPersonExampleMap.ThirdPersonExampleMap up for play (max tick rate 0) at 2015.10.24-13.57.40
[2015.10.24-17.57.40:022][943]LogActor:Warning: GameSession /Game/ThirdPersonBP/Maps/UEDPIE_0_ThirdPersonExampleMap.ThirdPersonExampleMap:PersistentLevel.GameSession_3 has natively added scene component(s), but none of them were set as the actor's RootComponent - picking one arbitrarily
[2015.10.24-17.57.40:022][943]LogActor:Warning: GameNetworkManager /Game/ThirdPersonBP/Maps/UEDPIE_0_ThirdPersonExampleMap.ThirdPersonExampleMap:PersistentLevel.GameNetworkManager_3 has natively added scene component(s), but none of them were set as the actor's RootComponent - picking one arbitrarily
[2015.10.24-17.57.40:022][943]LogWorld: Bringing up level for play took: 0.004017
[2015.10.24-17.57.40:036][943]PIE: Info Play in editor start time for /Game/ThirdPersonBP/Maps/UEDPIE_0_ThirdPersonExampleMap 0.102
[2015.10.24-17.57.40:036][943]LogBlueprintUserMessages: Late PlayInEditor Detection: Level '/Game/ThirdPersonBP/Maps/ThirdPersonExampleMap.ThirdPersonExampleMap:PersistentLevel' has LevelScriptBlueprint '/Game/ThirdPersonBP/Maps/ThirdPersonExampleMap.ThirdPersonExampleMap:PersistentLevel.ThirdPersonExampleMap' with GeneratedClass '/Game/ThirdPersonBP/Maps/ThirdPersonExampleMap.ThirdPersonExampleMap_C' with ClassGeneratedBy '/Game/ThirdPersonBP/Maps/ThirdPersonExampleMap.ThirdPersonExampleMap:PersistentLevel.ThirdPersonExampleMap'
[2015.10.24-17.57.40:070][944]LogRenderer: Reallocating scene render targets to support 1280x720 (Frame:12001).
[2015.10.24-17.58.01:253][483]LogBlueprintUserMessages: Early EndPlayMap Detection: Level '/Game/ThirdPersonBP/Maps/ThirdPersonExampleMap.ThirdPersonExampleMap:PersistentLevel' has LevelScriptBlueprint '/Game/ThirdPersonBP/Maps/ThirdPersonExampleMap.ThirdPersonExampleMap:PersistentLevel.ThirdPersonExampleMap' with GeneratedClass '/Game/ThirdPersonBP/Maps/ThirdPersonExampleMap.ThirdPersonExampleMap_C' with ClassGeneratedBy '/Game/ThirdPersonBP/Maps/ThirdPersonExampleMap.ThirdPersonExampleMap:PersistentLevel.ThirdPersonExampleMap'
[2015.10.24-17.58.01:296][483]LogBlueprintUserMessages: Late EndPlayMap Detection: Level '/Game/ThirdPersonBP/Maps/ThirdPersonExampleMap.ThirdPersonExampleMap:PersistentLevel' has LevelScriptBlueprint '/Game/ThirdPersonBP/Maps/ThirdPersonExampleMap.ThirdPersonExampleMap:PersistentLevel.ThirdPersonExampleMap' with GeneratedClass '/Game/ThirdPersonBP/Maps/ThirdPersonExampleMap.ThirdPersonExampleMap_C' with ClassGeneratedBy '/Game/ThirdPersonBP/Maps/ThirdPersonExampleMap.ThirdPersonExampleMap:PersistentLevel.ThirdPersonExampleMap'
[2015.10.24-17.58.01:320][484]LogParticles: Destroying 0 GPU particle simulations for FXSystem 0x0000000011DFB560
[2015.10.24-17.58.03:486][719]LogBlueprintUserMessages: Early PlayInEditor Detection: Level '/Game/ThirdPersonBP/Maps/ThirdPersonExampleMap.ThirdPersonExampleMap:PersistentLevel' has LevelScriptBlueprint '/Game/ThirdPersonBP/Maps/ThirdPersonExampleMap.ThirdPersonExampleMap:PersistentLevel.ThirdPersonExampleMap' with GeneratedClass '/Game/ThirdPersonBP/Maps/ThirdPersonExampleMap.ThirdPersonExampleMap_C' with ClassGeneratedBy '/Game/ThirdPersonBP/Maps/ThirdPersonExampleMap.ThirdPersonExampleMap:PersistentLevel.ThirdPersonExampleMap'
[2015.10.24-17.58.03:486][719]LogPlayLevel: PlayLevel: No blueprints needed recompiling
[2015.10.24-17.58.03:486][719]PIE: New page: PIE session: ThirdPersonExampleMap (Oct 24, 2015, 9:58:03 AM)
[2015.10.24-17.58.03:486][719]LogPlayLevel: Creating play world package: /Game/ThirdPersonBP/Maps/UEDPIE_0_ThirdPersonExampleMap
[2015.10.24-17.58.03:501][719]LogPlayLevel: PIE: StaticDuplicateObject took: (0.014678s)
[2015.10.24-17.58.03:502][719]LogAIModule: Creating AISystem for world ThirdPersonExampleMap
[2015.10.24-17.58.03:502][719]LogPlayLevel: PIE: World Init took: (0.000704s)
[2015.10.24-17.58.03:502][719]LogPlayLevel: PIE: Created PIE world by copying editor world from /Game/ThirdPersonBP/Maps/ThirdPersonExampleMap.ThirdPersonExampleMap to /Game/ThirdPersonBP/Maps/UEDPIE_0_ThirdPersonExampleMap.ThirdPersonExampleMap (0.015578s)
[2015.10.24-17.58.03:515][719]LogInit: XAudio2 using 'Speakers (Realtek High Definition Audio)' : 2 channels at 48 kHz using 32 bits per sample (channel mask 0x3)
[2015.10.24-17.58.03:522][719]LogInit: FAudioDevice initialized.
[2015.10.24-17.58.03:561][719]LogWorld: Game class is 'ThirdPersonGameMode_C'
[2015.10.24-17.58.03:565][719]LogWorld: Bringing World /Game/ThirdPersonBP/Maps/UEDPIE_0_ThirdPersonExampleMap.ThirdPersonExampleMap up for play (max tick rate 0) at 2015.10.24-13.58.03
[2015.10.24-17.58.03:565][719]LogActor:Warning: GameSession /Game/ThirdPersonBP/Maps/UEDPIE_0_ThirdPersonExampleMap.ThirdPersonExampleMap:PersistentLevel.GameSession_4 has natively added scene component(s), but none of them were set as the actor's RootComponent - picking one arbitrarily
[2015.10.24-17.58.03:565][719]LogActor:Warning: GameNetworkManager /Game/ThirdPersonBP/Maps/UEDPIE_0_ThirdPersonExampleMap.ThirdPersonExampleMap:PersistentLevel.GameNetworkManager_4 has natively added scene component(s), but none of them were set as the actor's RootComponent - picking one arbitrarily
[2015.10.24-17.58.03:566][719]LogWorld: Bringing up level for play took: 0.003828
[2015.10.24-17.58.03:578][719]PIE: Info Play in editor start time for /Game/ThirdPersonBP/Maps/UEDPIE_0_ThirdPersonExampleMap -0.356
[2015.10.24-17.58.03:579][719]LogBlueprintUserMessages: Late PlayInEditor Detection: Level '/Game/ThirdPersonBP/Maps/ThirdPersonExampleMap.ThirdPersonExampleMap:PersistentLevel' has LevelScriptBlueprint '/Game/ThirdPersonBP/Maps/ThirdPersonExampleMap.ThirdPersonExampleMap:PersistentLevel.ThirdPersonExampleMap' with GeneratedClass '/Game/ThirdPersonBP/Maps/ThirdPersonExampleMap.ThirdPersonExampleMap_C' with ClassGeneratedBy '/Game/ThirdPersonBP/Maps/ThirdPersonExampleMap.ThirdPersonExampleMap:PersistentLevel.ThirdPersonExampleMap'
[2015.10.24-17.58.21:791][901]LogBlueprintUserMessages: Early EndPlayMap Detection: Level '/Game/ThirdPersonBP/Maps/ThirdPersonExampleMap.ThirdPersonExampleMap:PersistentLevel' has LevelScriptBlueprint '/Game/ThirdPersonBP/Maps/ThirdPersonExampleMap.ThirdPersonExampleMap:PersistentLevel.ThirdPersonExampleMap' with GeneratedClass '/Game/ThirdPersonBP/Maps/ThirdPersonExampleMap.ThirdPersonExampleMap_C' with ClassGeneratedBy '/Game/ThirdPersonBP/Maps/ThirdPersonExampleMap.ThirdPersonExampleMap:PersistentLevel.ThirdPersonExampleMap'
[2015.10.24-17.58.21:834][901]LogBlueprintUserMessages: Late EndPlayMap Detection: Level '/Game/ThirdPersonBP/Maps/ThirdPersonExampleMap.ThirdPersonExampleMap:PersistentLevel' has LevelScriptBlueprint '/Game/ThirdPersonBP/Maps/ThirdPersonExampleMap.ThirdPersonExampleMap:PersistentLevel.ThirdPersonExampleMap' with GeneratedClass '/Game/ThirdPersonBP/Maps/ThirdPersonExampleMap.ThirdPersonExampleMap_C' with ClassGeneratedBy '/Game/ThirdPersonBP/Maps/ThirdPersonExampleMap.ThirdPersonExampleMap:PersistentLevel.ThirdPersonExampleMap'
[2015.10.24-17.58.21:856][902]LogParticles: Destroying 0 GPU particle simulations for FXSystem 0x0000000020DE9760
[2015.10.24-18.01.40:309][110]LogSavePackage: Save=267.137299ms
[2015.10.24-18.01.40:309][110]LogSavePackage: Moving '../../../../../../Users/donovk3/Documents/Unreal Projects/Unreal Project/Saved/ThirdPersonExampleMap5C59E45C4D0F40CA1DCBF89C3A880C8D.tmp' to '../../../../../../Users/donovk3/Documents/Unreal Projects/Unreal Project/Content/ThirdPersonBP/Maps/ThirdPersonExampleMap.umap'
[2015.10.24-18.01.40:313][110]LogSavePackage: Total save time: 280.970432ms
[2015.10.24-18.01.40:313][110]LogSavePackage:Warning: Finished SavePackage ../../../../../../Users/donovk3/Documents/Unreal Projects/Unreal Project/Content/ThirdPersonBP/Maps/ThirdPersonExampleMap.umap
[2015.10.24-18.01.40:337][110]LogFileHelpers: Saving map 'ThirdPersonExampleMap' took 0.362
[2015.10.24-18.01.40:340][110]Cmd: MAP LOAD FILE="../../../Engine/Content/Maps/Templates/Template_Default.umap" TEMPLATE=1 SHOWPROGRESS=1 FEATURELEVEL=3
[2015.10.24-18.01.40:348][110]LightingResults: New page: Lighting Build
[2015.10.24-18.01.40:362][110]LoadErrors: New page: Loading map: Template_Default.umap
[2015.10.24-18.01.40:363][110]MapCheck: New page: Map Check
[2015.10.24-18.01.40:363][110]LightingResults: New page: Lighting Build
[2015.10.24-18.01.40:371][110]LogParticles: Destroying 0 GPU particle simulations for FXSystem 0x0000000024261620
[2015.10.24-18.01.40:396][110]LogAIModule: Creating AISystem for world Untitled_1
[2015.10.24-18.01.40:402][110]LogEditorServer: Finished looking for orphan Actors (0.000 secs)
[2015.10.24-18.01.40:411][110]Cmd: MAP CHECKDEP NOCLEARLOG
[2015.10.24-18.01.40:452][110]MapCheck: Info Map check complete: 0 Error(s), 0 Warning(s), took 41.65ms to complete.
[2015.10.24-18.01.40:452][110]LogFileHelpers: Loading map 'Template_Default' took 0.114
[2015.10.24-18.01.42:993][403]LogPlayLevel: PlayLevel: No blueprints needed recompiling
[2015.10.24-18.01.42:993][403]PIE: New page: PIE session: Untitled_1 (Oct 24, 2015, 10:01:42 AM)
[2015.10.24-18.01.42:993][403]LogPlayLevel: Creating play world package: /Temp/UEDPIE_0_Untitled_1
[2015.10.24-18.01.42:994][403]LogPlayLevel: PIE: StaticDuplicateObject took: (0.001297s)
[2015.10.24-18.01.42:995][403]LogAIModule: Creating AISystem for world Untitled_1
[2015.10.24-18.01.42:995][403]LogPlayLevel: PIE: World Init took: (0.000970s)
[2015.10.24-18.01.42:995][403]LogPlayLevel: PIE: Created PIE world by copying editor world from /Temp/Untitled_1.Untitled_1 to /Temp/UEDPIE_0_Untitled_1.Untitled_1 (0.002425s)
[2015.10.24-18.01.43:009][403]LogInit: XAudio2 using 'Speakers (Realtek High Definition Audio)' : 2 channels at 48 kHz using 32 bits per sample (channel mask 0x3)
[2015.10.24-18.01.43:016][403]LogInit: FAudioDevice initialized.
[2015.10.24-18.01.43:057][403]LogWorld: Game class is 'ThirdPersonGameMode_C'
[2015.10.24-18.01.43:059][403]LogWorld: Bringing World /Temp/UEDPIE_0_Untitled_1.Untitled_1 up for play (max tick rate 0) at 2015.10.24-14.01.43
[2015.10.24-18.01.43:059][403]LogActor:Warning: GameSession /Temp/UEDPIE_0_Untitled_1.Untitled_1:PersistentLevel.GameSession_5 has natively added scene component(s), but none of them were set as the actor's RootComponent - picking one arbitrarily
[2015.10.24-18.01.43:060][403]LogActor:Warning: GameNetworkManager /Temp/UEDPIE_0_Untitled_1.Untitled_1:PersistentLevel.GameNetworkManager_5 has natively added scene component(s), but none of them were set as the actor's RootComponent - picking one arbitrarily
[2015.10.24-18.01.43:060][403]LogWorld: Bringing up level for play took: 0.001566
[2015.10.24-18.01.43:075][403]PIE: Info Play in editor start time for /Temp/UEDPIE_0_Untitled_1 -0.871
[2015.10.24-18.01.56:853][ 50]LogParticles: Destroying 0 GPU particle simulations for FXSystem 0x000000001278D800
[2015.10.24-18.02.32:966][ 20]LightingResults: New page: Lighting Build
[2015.10.24-18.02.32:966][ 20]MapCheck: New page: Map Check
[2015.10.24-18.02.32:966][ 20]LightingResults: New page: Lighting Build
[2015.10.24-18.02.32:976][ 20]LogParticles: Destroying 0 GPU particle simulations for FXSystem 0x0000000058532660
[2015.10.24-18.02.32:977][ 20]LogAIModule: Creating AISystem for world NewWorld
[2015.10.24-18.02.32:978][ 20]LoadErrors: New page: New Map
[2015.10.24-18.02.40:255][861]LogPlayLevel: PlayLevel: No blueprints needed recompiling
[2015.10.24-18.02.40:255][861]PIE: New page: PIE session: Untitled_2 (Oct 24, 2015, 10:02:40 AM)
[2015.10.24-18.02.40:255][861]LogPlayLevel: Creating play world package: /Temp/UEDPIE_0_Untitled_2
[2015.10.24-18.02.40:256][861]LogPlayLevel: PIE: StaticDuplicateObject took: (0.000505s)
[2015.10.24-18.02.40:256][861]LogAIModule: Creating AISystem for world NewWorld
[2015.10.24-18.02.40:256][861]LogPlayLevel: PIE: World Init took: (0.000516s)
[2015.10.24-18.02.40:257][861]LogPlayLevel: PIE: Created PIE world by copying editor world from /Temp/Untitled_2.NewWorld to /Temp/UEDPIE_0_Untitled_2.NewWorld (0.001193s)
[2015.10.24-18.02.40:270][861]LogInit: XAudio2 using 'Speakers (Realtek High Definition Audio)' : 2 channels at 48 kHz using 32 bits per sample (channel mask 0x3)
[2015.10.24-18.02.40:278][861]LogInit: FAudioDevice initialized.
[2015.10.24-18.02.40:321][861]LogWorld: Game class is 'ThirdPersonGameMode_C'
[2015.10.24-18.02.40:323][861]LogWorld: Bringing World /Temp/UEDPIE_0_Untitled_2.NewWorld up for play (max tick rate 0) at 2015.10.24-14.02.40
[2015.10.24-18.02.40:323][861]LogActor:Warning: GameSession /Temp/UEDPIE_0_Untitled_2.NewWorld:PersistentLevel.GameSession_6 has natively added scene component(s), but none of them were set as the actor's RootComponent - picking one arbitrarily
[2015.10.24-18.02.40:323][861]LogActor:Warning: GameNetworkManager /Temp/UEDPIE_0_Untitled_2.NewWorld:PersistentLevel.GameNetworkManager_6 has natively added scene component(s), but none of them were set as the actor's RootComponent - picking one arbitrarily
[2015.10.24-18.02.40:323][861]LogWorld: Bringing up level for play took: 0.000720
[2015.10.24-18.02.40:337][861]PIE: Info Play in editor start time for /Temp/UEDPIE_0_Untitled_2 0.387
[2015.10.24-18.02.41:741][ 23]LogParticles: Destroying 0 GPU particle simulations for FXSystem 0x0000000012988400
[2015.10.24-18.04.47:933][349]LogEditorViewport: Clicking Background
[2015.10.24-18.04.55:674][836]Cmd: BRUSH ADD SELECTNEWBRUSH
[2015.10.24-18.08.06:156][987]LogEditorViewport: Clicking on Actor (LMB): DirectionalLight (DirectionalLight)
[2015.10.24-18.13.50:551][943]LogSavePackage: Save=22.332060ms
[2015.10.24-18.13.50:551][943]LogSavePackage: Moving '../../../../../../Users/donovk3/Documents/Unreal Projects/Unreal Project/Saved/Untitled_2_Auto12957B9334206AC50EBFAED9D36DD6843.tmp' to '../../../../../../Users/donovk3/Documents/Unreal Projects/Unreal Project/Saved/Autosaves/Temp/Untitled_2_Auto1.umap'
[2015.10.24-18.13.50:552][943]LogSavePackage: Total save time: 23.325037ms
[2015.10.24-18.13.50:552][943]LogSavePackage:Warning: Finished SavePackage ../../../../../../Users/donovk3/Documents/Unreal Projects/Unreal Project/Saved/Autosaves/Temp/Untitled_2_Auto1.umap
[2015.10.24-18.13.50:555][943]LogFileHelpers: Editor autosave (incl. sublevels) for '/Temp/Untitled_2' took 0.039
[2015.10.24-18.13.50:555][943]LogFileHelpers: Editor autosave (incl. sublevels) for all levels took 0.039
[2015.10.24-18.14.57:366][226]LogPlayLevel: PlayLevel: No blueprints needed recompiling
[2015.10.24-18.14.57:366][226]PIE: New page: PIE session: Untitled_2 (Oct 24, 2015, 10:14:57 AM)
[2015.10.24-18.14.57:366][226]LogPlayLevel: Creating play world package: /Temp/UEDPIE_0_Untitled_2
[2015.10.24-18.14.57:371][226]LogPlayLevel: PIE: StaticDuplicateObject took: (0.004974s)
[2015.10.24-18.14.57:372][226]LogAIModule: Creating AISystem for world NewWorld
[2015.10.24-18.14.57:372][226]LogPlayLevel: PIE: World Init took: (0.000699s)
[2015.10.24-18.14.57:372][226]LogPlayLevel: PIE: Created PIE world by copying editor world from /Temp/Untitled_2.NewWorld to /Temp/UEDPIE_0_Untitled_2.NewWorld (0.005836s)
[2015.10.24-18.14.57:385][226]LogInit: XAudio2 using 'Speakers (Realtek High Definition Audio)' : 2 channels at 48 kHz using 32 bits per sample (channel mask 0x3)
[2015.10.24-18.14.57:392][226]LogInit: FAudioDevice initialized.
[2015.10.24-18.14.57:437][226]LogWorld: Game class is 'ThirdPersonGameMode_C'
[2015.10.24-18.14.57:439][226]LogWorld: Bringing World /Temp/UEDPIE_0_Untitled_2.NewWorld up for play (max tick rate 0) at 2015.10.24-14.14.57
[2015.10.24-18.14.57:439][226]LogActor:Warning: GameSession /Temp/UEDPIE_0_Untitled_2.NewWorld:PersistentLevel.GameSession_7 has natively added scene component(s), but none of them were set as the actor's RootComponent - picking one arbitrarily
[2015.10.24-18.14.57:439][226]LogActor:Warning: GameNetworkManager /Temp/UEDPIE_0_Untitled_2.NewWorld:PersistentLevel.GameNetworkManager_7 has natively added scene component(s), but none of them were set as the actor's RootComponent - picking one arbitrarily
[2015.10.24-18.14.57:439][226]LogWorld: Bringing up level for play took: 0.001511
[2015.10.24-18.14.57:455][226]PIE: Info Play in editor start time for /Temp/UEDPIE_0_Untitled_2 -0.506
[2015.10.24-18.15.17:969][680]LogParticles: Destroying 0 GPU particle simulations for FXSystem 0x00000000318FC720
[2015.10.24-18.16.11:064][287]LogPlayLevel: PlayLevel: No blueprints needed recompiling
[2015.10.24-18.16.11:064][287]PIE: New page: PIE session: Untitled_2 (Oct 24, 2015, 10:16:11 AM)
[2015.10.24-18.16.11:064][287]LogPlayLevel: Creating play world package: /Temp/UEDPIE_0_Untitled_2
[2015.10.24-18.16.11:067][287]LogPlayLevel: PIE: StaticDuplicateObject took: (0.003391s)
[2015.10.24-18.16.11:068][287]LogAIModule: Creating AISystem for world NewWorld
[2015.10.24-18.16.11:068][287]LogPlayLevel: PIE: World Init took: (0.000923s)
[2015.10.24-18.16.11:069][287]LogPlayLevel: PIE: Created PIE world by copying editor world from /Temp/Untitled_2.NewWorld to /Temp/UEDPIE_0_Untitled_2.NewWorld (0.004487s)
[2015.10.24-18.16.11:083][287]LogInit: XAudio2 using 'Speakers (Realtek High Definition Audio)' : 2 channels at 48 kHz using 32 bits per sample (channel mask 0x3)
[2015.10.24-18.16.11:091][287]LogInit: FAudioDevice initialized.
[2015.10.24-18.16.11:146][287]LogWorld: Game class is 'ThirdPersonGameMode_C'
[2015.10.24-18.16.11:151][287]LogWorld: Bringing World /Temp/UEDPIE_0_Untitled_2.NewWorld up for play (max tick rate 0) at 2015.10.24-14.16.11
[2015.10.24-18.16.11:151][287]LogActor:Warning: GameSession /Temp/UEDPIE_0_Untitled_2.NewWorld:PersistentLevel.GameSession_8 has natively added scene component(s), but none of them were set as the actor's RootComponent - picking one arbitrarily
[2015.10.24-18.16.11:151][287]LogActor:Warning: GameNetworkManager /Temp/UEDPIE_0_Untitled_2.NewWorld:PersistentLevel.GameNetworkManager_8 has natively added scene component(s), but none of them were set as the actor's RootComponent - picking one arbitrarily
[2015.10.24-18.16.11:152][287]LogWorld: Bringing up level for play took: 0.003215
[2015.10.24-18.16.11:177][287]PIE: Info Play in editor start time for /Temp/UEDPIE_0_Untitled_2 -0.781
[2015.10.24-18.16.24:048][820]LogParticles: Destroying 0 GPU particle simulations for FXSystem 0x0000000051CBADE0
[2015.10.24-18.16.29:150][301]LogEditorActor: Deleted Actor: AtmosphericFog
[2015.10.24-18.16.29:161][301]LogEditorActor: Deleted 1 Actors (0.012 secs)
[2015.10.24-18.16.31:726][560]LogPlayLevel: PlayLevel: No blueprints needed recompiling
[2015.10.24-18.16.31:726][560]PIE: New page: PIE session: Untitled_2 (Oct 24, 2015, 10:16:31 AM)
[2015.10.24-18.16.31:726][560]LogPlayLevel: Creating play world package: /Temp/UEDPIE_0_Untitled_2
[2015.10.24-18.16.31:728][560]LogPlayLevel: PIE: StaticDuplicateObject took: (0.002083s)
[2015.10.24-18.16.31:728][560]LogAIModule: Creating AISystem for world NewWorld
[2015.10.24-18.16.31:729][560]LogPlayLevel: PIE: World Init took: (0.000585s)
[2015.10.24-18.16.31:729][560]LogPlayLevel: PIE: Created PIE world by copying editor world from /Temp/Untitled_2.NewWorld to /Temp/UEDPIE_0_Untitled_2.NewWorld (0.002822s)
[2015.10.24-18.16.31:742][560]LogInit: XAudio2 using 'Speakers (Realtek High Definition Audio)' : 2 channels at 48 kHz using 32 bits per sample (channel mask 0x3)
[2015.10.24-18.16.31:749][560]LogInit: FAudioDevice initialized.
[2015.10.24-18.16.31:791][560]LogWorld: Game class is 'ThirdPersonGameMode_C'
[2015.10.24-18.16.31:793][560]LogWorld: Bringing World /Temp/UEDPIE_0_Untitled_2.NewWorld up for play (max tick rate 0) at 2015.10.24-14.16.31
[2015.10.24-18.16.31:793][560]LogActor:Warning: GameSession /Temp/UEDPIE_0_Untitled_2.NewWorld:PersistentLevel.GameSession_9 has natively added scene component(s), but none of them were set as the actor's RootComponent - picking one arbitrarily
[2015.10.24-18.16.31:793][560]LogActor:Warning: GameNetworkManager /Temp/UEDPIE_0_Untitled_2.NewWorld:PersistentLevel.GameNetworkManager_9 has natively added scene component(s), but none of them were set as the actor's RootComponent - picking one arbitrarily
[2015.10.24-18.16.31:793][560]LogWorld: Bringing up level for play took: 0.001334
[2015.10.24-18.16.31:809][560]PIE: Info Play in editor start time for /Temp/UEDPIE_0_Untitled_2 -0.148
[2015.10.24-18.16.39:413][466]LogParticles: Destroying 0 GPU particle simulations for FXSystem 0x000000004F6FEAC0
[2015.10.24-18.16.44:074][807]Cmd: QUIT_EDITOR
[2015.10.24-18.16.44:427][807]LogExit: Preparing to exit.
[2015.10.24-18.16.45:405][807]LogExit: Editor shut down
[2015.10.24-18.16.45:405][807]LogExit: Transaction tracking system shut down
[2015.10.24-18.16.45:407][807]LogParticles: Destroying 0 GPU particle simulations for FXSystem 0x0000000031A97880
[2015.10.24-18.16.45:408][807]LogParticles: Destroying 0 GPU particle simulations for FXSystem 0x0000000030A92160
[2015.10.24-18.16.45:576][807]LogExit: Object subsystem successfully closed.
[2015.10.24-18.16.45:589][807]LogD3D11RHI: Shutdown
[2015.10.24-18.16.45:589][807]LogD3D11RHI: CleanupD3DDevice
[2015.10.24-18.16.45:634][807]LogD3D11RHI: ~FD3D11DynamicRHI
[2015.10.24-18.16.45:653][807]LogModuleManager: Shutting down and abandoning module NewLevelDialog (198)
[2015.10.24-18.16.45:654][807]LogModuleManager: Shutting down and abandoning module CrashTracker (197)
[2015.10.24-18.16.45:654][807]LogModuleManager: Shutting down and abandoning module SceneOutliner (196)
[2015.10.24-18.16.45:654][807]LogModuleManager: Shutting down and abandoning module SuperSearch (195)
[2015.10.24-18.16.45:654][807]LogModuleManager: Shutting down and abandoning module WidgetCarousel (194)
[2015.10.24-18.16.45:654][807]LogModuleManager: Shutting down and abandoning module AddContentDialog (193)
[2015.10.24-18.16.45:655][807]LogModuleManager: Shutting down and abandoning module EditorWidgets (192)
[2015.10.24-18.16.45:655][807]LogModuleManager: Shutting down and abandoning module CollectionManager (191)
[2015.10.24-18.16.45:655][807]LogModuleManager: Shutting down and abandoning module StatsViewer (190)
[2015.10.24-18.16.45:655][807]LogModuleManager: Shutting down and abandoning module FoliageEdit (189)
[2015.10.24-18.16.45:655][807]LogModuleManager: Shutting down and abandoning module LandscapeEditor (188)
[2015.10.24-18.16.45:656][807]LogModuleManager: Shutting down and abandoning module ActorPickerMode (187)
[2015.10.24-18.16.45:656][807]LogModuleManager: Shutting down and abandoning module GeometryMode (186)
[2015.10.24-18.16.45:656][807]LogModuleManager: Shutting down and abandoning module TextureAlignMode (185)
[2015.10.24-18.16.45:656][807]LogModuleManager: Shutting down and abandoning module BspMode (184)
[2015.10.24-18.16.45:656][807]LogModuleManager: Shutting down and abandoning module PlacementMode (183)
[2015.10.24-18.16.45:656][807]LogModuleManager: Shutting down and abandoning module AutomationWorker (182)
[2015.10.24-18.16.45:656][807]LogModuleManager: Shutting down and abandoning module CharacterAI (181)
[2015.10.24-18.16.45:656][807]LogModuleManager: Shutting down and abandoning module SmartSnapping (180)
[2015.10.24-18.16.45:656][807]LogModuleManager: Shutting down and abandoning module ViewportSnapping (179)
[2015.10.24-18.16.45:656][807]LogModuleManager: Shutting down and abandoning module LogVisualizer (178)
[2015.10.24-18.16.45:656][807]LogModuleManager: Shutting down and abandoning module GameProjectGeneration (177)
[2015.10.24-18.16.45:656][807]LogModuleManager: Shutting down and abandoning module IntroTutorials (176)
[2015.10.24-18.16.45:656][807]LogModuleManager: Shutting down and abandoning module EditorLiveStreaming (175)
[2015.10.24-18.16.45:656][807]LogModuleManager: Shutting down and abandoning module IOSPlatformEditor (174)
[2015.10.24-18.16.45:656][807]LogModuleManager: Shutting down and abandoning module HTML5PlatformEditor (173)
[2015.10.24-18.16.45:656][807]LogModuleManager: Shutting down and abandoning module AndroidDeviceDetection (172)
[2015.10.24-18.16.46:198][807]LogModuleManager: Shutting down and abandoning module AndroidPlatformEditor (171)
[2015.10.24-18.16.46:198][807]LogModuleManager: Shutting down and abandoning module IOSRuntimeSettings (170)
[2015.10.24-18.16.46:198][807]LogModuleManager: Shutting down and abandoning module AndroidRuntimeSettings (169)
[2015.10.24-18.16.46:198][807]LogModuleManager: Shutting down and abandoning module MergeActors (168)
[2015.10.24-18.16.46:198][807]LogModuleManager: Shutting down and abandoning module SizeMap (167)
[2015.10.24-18.16.46:198][807]LogModuleManager: Shutting down and abandoning module TreeMap (166)
[2015.10.24-18.16.46:198][807]LogModuleManager: Shutting down and abandoning module ReferenceViewer (165)
[2015.10.24-18.16.46:198][807]LogModuleManager: Shutting down and abandoning module LocalizationService (164)
[2015.10.24-18.16.46:198][807]LogModuleManager: Shutting down and abandoning module LocalizationDashboard (163)
[2015.10.24-18.16.46:198][807]LogModuleManager: Shutting down and abandoning module HardwareTargeting (162)
[2015.10.24-18.16.46:198][807]LogModuleManager: Shutting down and abandoning module DeviceProfileEditor (161)
[2015.10.24-18.16.46:198][807]LogModuleManager: Shutting down and abandoning module UndoHistory (160)
[2015.10.24-18.16.46:198][807]LogModuleManager: Shutting down and abandoning module GameplayTagsEditor (159)
[2015.10.24-18.16.46:198][807]LogModuleManager: Shutting down and abandoning module UserFeedback (158)
[2015.10.24-18.16.46:198][807]LogModuleManager: Shutting down and abandoning module XmlParser (157)
[2015.10.24-18.16.46:198][807]LogModuleManager: Shutting down and abandoning module Blutility (156)
[2015.10.24-18.16.46:198][807]LogModuleManager: Shutting down and abandoning module ProjectTargetPlatformEditor (155)
[2015.10.24-18.16.46:198][807]LogModuleManager: Shutting down and abandoning module ProjectSettingsViewer (154)
[2015.10.24-18.16.46:198][807]LogModuleManager: Shutting down and abandoning module InputBindingEditor (153)
[2015.10.24-18.16.46:199][807]LogModuleManager: Shutting down and abandoning module EditorSettingsViewer (152)
[2015.10.24-18.16.46:199][807]LogModuleManager: Shutting down and abandoning module SettingsEditor (151)
[2015.10.24-18.16.46:199][807]LogModuleManager: Shutting down and abandoning module ProjectLauncher (150)
[2015.10.24-18.16.46:199][807]LogModuleManager: Shutting down and abandoning module SessionFrontend (149)
[2015.10.24-18.16.46:199][807]LogModuleManager: Shutting down and abandoning module ProfilerClient (148)
[2015.10.24-18.16.46:199][807]LogModuleManager: Shutting down and abandoning module TargetDeviceServices (147)
[2015.10.24-18.16.46:199][807]LogModuleManager: Shutting down and abandoning module DeviceManager (146)
[2015.10.24-18.16.46:199][807]LogModuleManager: Shutting down and abandoning module AutomationController (145)
[2015.10.24-18.16.46:199][807]LogModuleManager: Shutting down and abandoning module AutomationWindow (144)
[2015.10.24-18.16.46:199][807]LogModuleManager: Shutting down and abandoning module Layers (143)
[2015.10.24-18.16.46:199][807]LogModuleManager: Shutting down and abandoning module ComponentVisualizers (142)
[2015.10.24-18.16.46:199][807]LogModuleManager: Shutting down and abandoning module DetailCustomizations (141)
[2015.10.24-18.16.46:199][807]LogModuleManager: Shutting down and abandoning module PackagesDialog (140)
[2015.10.24-18.16.46:200][807]LogModuleManager: Shutting down and abandoning module Persona (139)
[2015.10.24-18.16.46:200][807]LogModuleManager: Shutting down and abandoning module Kismet (138)
[2015.10.24-18.16.46:200][807]LogModuleManager: Shutting down and abandoning module GraphEditor (137)
[2015.10.24-18.16.46:200][807]LogModuleManager: Shutting down and abandoning module ClassViewer (136)
[2015.10.24-18.16.46:200][807]LogModuleManager: Shutting down and abandoning module Toolbox (135)
[2015.10.24-18.16.46:200][807]LogModuleManager: Shutting down and abandoning module ModuleUI (134)
[2015.10.24-18.16.46:200][807]LogModuleManager: Shutting down and abandoning module MovieSceneTools (133)
[2015.10.24-18.16.46:200][807]LogModuleManager: Shutting down and abandoning module OutputLog (132)
[2015.10.24-18.16.46:200][807]LogModuleManager: Shutting down and abandoning module GammaUI (131)
[2015.10.24-18.16.46:200][807]LogModuleManager: Shutting down and abandoning module Documentation (130)
[2015.10.24-18.16.46:200][807]LogModuleManager: Shutting down and abandoning module GameLiveStreaming (129)
[2015.10.24-18.16.46:200][807]LogModuleManager: Shutting down and abandoning module StreamingPauseRendering (128)
[2015.10.24-18.16.46:200][807]LogModuleManager: Shutting down and abandoning module AnalyticsET (127)
[2015.10.24-18.16.46:200][807]LogModuleManager: Shutting down and abandoning module Analytics (126)
[2015.10.24-18.16.46:200][807]LogModuleManager: Shutting down and abandoning module AITestSuite (125)
[2015.10.24-18.16.46:200][807]LogModuleManager: Shutting down and abandoning module GameplayDebugger (124)
[2015.10.24-18.16.46:200][807]LogModuleManager: Shutting down and abandoning module AIModule (123)
[2015.10.24-18.16.46:200][807]LogModuleManager: Shutting down and abandoning module ProfilerService (122)
[2015.10.24-18.16.46:335][807]LogModuleManager: Shutting down and abandoning module TaskGraph (121)
[2015.10.24-18.16.46:335][807]LogModuleManager: Shutting down and abandoning module SlateRemote (120)
[2015.10.24-18.16.46:335][807]LogModuleManager: Shutting down and abandoning module SteamVRController (119)
[2015.10.24-18.16.46:335][807]LogModuleManager: Shutting down and abandoning module SteamVR (118)
[2015.10.24-18.16.46:335][807]LogModuleManager: Shutting down and abandoning module ProceduralMeshComponent (117)
[2015.10.24-18.16.46:335][807]LogModuleManager: Shutting down and abandoning module OculusRift (116)
[2015.10.24-18.16.46:335][807]LogModuleManager: Shutting down and abandoning module OculusLibrary (115)
[2015.10.24-18.16.46:335][807]LogModuleManager: Shutting down and abandoning module LeapMotionController (114)
[2015.10.24-18.16.46:347][807]LogModuleManager: Shutting down and abandoning module CustomMeshComponent (113)
[2015.10.24-18.16.46:347][807]LogModuleManager: Shutting down and abandoning module CableComponent (112)
[2015.10.24-18.16.46:347][807]LogModuleManager: Shutting down and abandoning module ArchVisCharacter (111)
[2015.10.24-18.16.46:347][807]LogModuleManager: Shutting down and abandoning module MessagingDebugger (110)
[2015.10.24-18.16.46:347][807]LogModuleManager: Shutting down and abandoning module MediaPlayerEditor (109)
[2015.10.24-18.16.46:347][807]LogModuleManager: Shutting down and abandoning module HTML5Networking (108)
[2015.10.24-18.16.46:347][807]LogModuleManager: Shutting down and abandoning module SpeedTreeImporter (107)
[2015.10.24-18.16.46:347][807]LogModuleManager: Shutting down and abandoning module PluginBrowser (106)
[2015.10.24-18.16.46:347][807]LogModuleManager: Shutting down and abandoning module EpicSurvey (105)
[2015.10.24-18.16.46:347][807]LogModuleManager: Shutting down and abandoning module DesktopPlatform (104)
[2015.10.24-18.16.46:347][807]LogModuleManager: Shutting down and abandoning module VisualStudioSourceCodeAccess (103)
[2015.10.24-18.16.46:347][807]LogModuleManager: Shutting down and abandoning module UObjectPlugin (102)
[2015.10.24-18.16.46:347][807]LogModuleManager: Shutting down and abandoning module SubversionSourceControl (101)
[2015.10.24-18.16.46:347][807]LogModuleManager: Shutting down and abandoning module PerforceSourceControl (100)
[2015.10.24-18.16.46:348][807]LogModuleManager: Shutting down and abandoning module SourceControl (99)
[2015.10.24-18.16.46:348][807]LogModuleManager: Shutting down and abandoning module GitSourceControl (98)
[2015.10.24-18.16.46:348][807]LogModuleManager: Shutting down and abandoning module LightPropagationVolumeEditor (97)
[2015.10.24-18.16.46:348][807]LogModuleManager: Shutting down and abandoning module PaperTiledImporter (96)
[2015.10.24-18.16.46:348][807]LogModuleManager: Shutting down and abandoning module PaperSpriteSheetImporter (95)
[2015.10.24-18.16.46:348][807]LogModuleManager: Shutting down and abandoning module MeshPaint (94)
[2015.10.24-18.16.46:348][807]LogModuleManager: Shutting down and abandoning module SlateReflector (93)
[2015.10.24-18.16.46:348][807]LogModuleManager: Shutting down and abandoning module HotReload (92)
[2015.10.24-18.16.46:348][807]LogModuleManager: Shutting down and abandoning module MainFrame (91)
[2015.10.24-18.16.46:348][807]LogModuleManager: Shutting down and abandoning module LevelEditor (90)
[2015.10.24-18.16.46:349][807]LogModuleManager: Shutting down and abandoning module DirectoryWatcher (89)
[2015.10.24-18.16.46:350][807]LogModuleManager: Shutting down and abandoning module AssetRegistry (88)
[2015.10.24-18.16.46:440][807]LogModuleManager: Shutting down and abandoning module ContentBrowser (87)
[2015.10.24-18.16.46:441][807]LogModuleManager: Shutting down and abandoning module Paper2DEditor (86)
[2015.10.24-18.16.46:441][807]LogModuleManager: Shutting down and abandoning module UdpMessaging (85)
[2015.10.24-18.16.46:541][807]LogModuleManager: Shutting down and abandoning module LightPropagationVolumeRuntime (84)
[2015.10.24-18.16.46:541][807]LogModuleManager: Shutting down and abandoning module Paper2D (83)
[2015.10.24-18.16.46:541][807]LogModuleManager: Shutting down and abandoning module WindowsMoviePlayer (82)
[2015.10.24-18.16.46:546][807]LogModuleManager: Shutting down and abandoning module Media (81)
[2015.10.24-18.16.46:546][807]LogModuleManager: Shutting down and abandoning module WmfMedia (80)
[2015.10.24-18.16.46:546][807]LogModuleManager: Shutting down and abandoning module OnlineBlueprintSupport (79)
[2015.10.24-18.16.46:546][807]LogModuleManager: Shutting down and abandoning module GameplayTasksEditor (78)
[2015.10.24-18.16.46:546][807]LogModuleManager: Shutting down and abandoning module PropertyEditor (77)
[2015.10.24-18.16.46:547][807]LogModuleManager: Shutting down and abandoning module BehaviorTreeEditor (76)
[2015.10.24-18.16.46:547][807]LogModuleManager: Shutting down and abandoning module FunctionalTesting (75)
[2015.10.24-18.16.46:547][807]LogModuleManager: Shutting down and abandoning module CollisionAnalyzer (74)
[2015.10.24-18.16.46:547][807]LogModuleManager: Shutting down and abandoning module WorkspaceMenuStructure (73)
[2015.10.24-18.16.46:547][807]LogModuleManager: Shutting down and abandoning module MessageLog (72)
[2015.10.24-18.16.46:547][807]LogModuleManager: Shutting down and abandoning module Sequencer (71)
[2015.10.24-18.16.46:547][807]LogModuleManager: Shutting down and abandoning module AssetTools (70)
[2015.10.24-18.16.46:547][807]LogModuleManager: Shutting down and abandoning module UMGEditor (69)
[2015.10.24-18.16.46:547][807]LogModuleManager: Shutting down and abandoning module UMG (68)
[2015.10.24-18.16.46:547][807]LogModuleManager: Shutting down and abandoning module Slate (67)
[2015.10.24-18.16.46:547][807]LogModuleManager: Shutting down and abandoning module EditorStyle (66)
[2015.10.24-18.16.46:551][807]LogModuleManager: Shutting down and abandoning module SessionServices (65)
[2015.10.24-18.16.46:551][807]LogModuleManager: Shutting down and abandoning module SourceCodeAccess (64)
[2015.10.24-18.16.46:551][807]LogModuleManager: Shutting down and abandoning module HeadMountedDisplay (63)
[2015.10.24-18.16.46:551][807]LogModuleManager: Shutting down and abandoning module XAudio2 (62)
[2015.10.24-18.16.46:551][807]LogModuleManager: Shutting down and abandoning module Networking (60)
[2015.10.24-18.16.46:551][807]LogModuleManager: Shutting down and abandoning module Core (59)
[2015.10.24-18.16.46:551][807]LogModuleManager: Shutting down and abandoning module KismetCompiler (58)
[2015.10.24-18.16.46:551][807]LogModuleManager: Shutting down and abandoning module PhysXFormats (57)
[2015.10.24-18.16.46:551][807]LogModuleManager: Shutting down and abandoning module MeshUtilities (56)
[2015.10.24-18.16.46:551][807]LogModuleManager: Shutting down and abandoning module CookingStats (55)
[2015.10.24-18.16.46:553][807]LogModuleManager: Shutting down and abandoning module DerivedDataCache (54)
[2015.10.24-18.16.46:584][807]LogDerivedDataCache: Shutdown
[2015.10.24-18.16.46:584][807]LogModuleManager: Shutting down and abandoning module ShaderFormatOpenGL (53)
[2015.10.24-18.16.46:584][807]LogModuleManager: Shutting down and abandoning module ShaderFormatD3D (52)
[2015.10.24-18.16.46:584][807]LogModuleManager: Shutting down and abandoning module MetalShaderFormat (51)
[2015.10.24-18.16.46:584][807]LogModuleManager: Shutting down and abandoning module TextureFormatUncompressed (50)
[2015.10.24-18.16.46:584][807]LogModuleManager: Shutting down and abandoning module TextureFormatPVR (49)
[2015.10.24-18.16.46:584][807]LogModuleManager: Shutting down and abandoning module TextureFormatIntelISPCTexComp (48)
[2015.10.24-18.16.46:584][807]LogModuleManager: Shutting down and abandoning module TextureFormatDXT (47)
[2015.10.24-18.16.46:584][807]LogModuleManager: Shutting down and abandoning module ImageWrapper (46)
[2015.10.24-18.16.46:584][807]LogModuleManager: Shutting down and abandoning module TextureFormatASTC (45)
[2015.10.24-18.16.46:584][807]LogModuleManager: Shutting down and abandoning module TextureFormatAndroid (44)
[2015.10.24-18.16.46:584][807]LogModuleManager: Shutting down and abandoning module AudioFormatOpus (43)
[2015.10.24-18.16.46:584][807]LogModuleManager: Shutting down and abandoning module AudioFormatOgg (42)
[2015.10.24-18.16.46:584][807]LogModuleManager: Shutting down and abandoning module AudioFormatADPCM (41)
[2015.10.24-18.16.46:584][807]LogModuleManager: Shutting down and abandoning module LinuxTargetPlatform (40)
[2015.10.24-18.16.46:584][807]LogModuleManager: Shutting down and abandoning module LinuxServerTargetPlatform (39)
[2015.10.24-18.16.46:584][807]LogModuleManager: Shutting down and abandoning module LinuxNoEditorTargetPlatform (38)
[2015.10.24-18.16.46:584][807]LogModuleManager: Shutting down and abandoning module Messaging (37)
[2015.10.24-18.16.46:584][807]LogModuleManager: Shutting down and abandoning module IOSTargetPlatform (36)
[2015.10.24-18.16.46:584][807]LogModuleManager: Shutting down and abandoning module HTML5TargetPlatform (35)
[2015.10.24-18.16.46:584][807]LogModuleManager: Shutting down and abandoning module Android_PVRTCTargetPlatform (34)
[2015.10.24-18.16.46:584][807]LogModuleManager: Shutting down and abandoning module Android_ETC2TargetPlatform (33)
[2015.10.24-18.16.46:584][807]LogModuleManager: Shutting down and abandoning module Android_ETC1TargetPlatform (32)
[2015.10.24-18.16.46:584][807]LogModuleManager: Shutting down and abandoning module Android_DXTTargetPlatform (31)
[2015.10.24-18.16.46:584][807]LogModuleManager: Shutting down and abandoning module Android_ATCTargetPlatform (30)
[2015.10.24-18.16.46:584][807]LogModuleManager: Shutting down and abandoning module Android_ASTCTargetPlatform (29)
[2015.10.24-18.16.46:584][807]LogModuleManager: Shutting down and abandoning module AndroidTargetPlatform (28)
[2015.10.24-18.16.46:584][807]LogModuleManager: Shutting down and abandoning module WindowsTargetPlatform (27)
[2015.10.24-18.16.46:585][807]LogModuleManager: Shutting down and abandoning module WindowsServerTargetPlatform (26)
[2015.10.24-18.16.46:585][807]LogModuleManager: Shutting down and abandoning module WindowsNoEditorTargetPlatform (25)
[2015.10.24-18.16.46:585][807]LogModuleManager: Shutting down and abandoning module WindowsClientTargetPlatform (24)
[2015.10.24-18.16.46:585][807]LogModuleManager: Shutting down and abandoning module AllDesktopTargetPlatform (23)
[2015.10.24-18.16.46:585][807]LogModuleManager: Shutting down and abandoning module TargetPlatform (22)
[2015.10.24-18.16.46:585][807]LogModuleManager: Shutting down and abandoning module InputCore (21)
[2015.10.24-18.16.46:585][807]LogModuleManager: Shutting down and abandoning module Settings (20)
[2015.10.24-18.16.46:585][807]LogModuleManager: Shutting down and abandoning module OnlineSubsystem (18)
[2015.10.24-18.16.46:585][807]LogModuleManager: Shutting down and abandoning module HTTP (17)
[2015.10.24-18.16.47:585][807]LogModuleManager: Shutting down and abandoning module XMPP (16)
[2015.10.24-18.16.47:585][807]LogModuleManager: Shutting down and abandoning module ExampleDeviceProfileSelector (15)
[2015.10.24-18.16.47:585][807]LogModuleManager: Shutting down and abandoning module TextureCompressor (14)
[2015.10.24-18.16.47:585][807]LogModuleManager: Shutting down and abandoning module ShaderCore (13)
[2015.10.24-18.16.47:585][807]LogModuleManager: Shutting down and abandoning module Landscape (12)
[2015.10.24-18.16.47:585][807]LogModuleManager: Shutting down and abandoning module SlateRHIRenderer (11)
[2015.10.24-18.16.47:587][807]LogModuleManager: Shutting down and abandoning module OpenGLDrv (10)
[2015.10.24-18.16.47:587][807]LogModuleManager: Shutting down and abandoning module D3D11RHI (9)
[2015.10.24-18.16.47:587][807]LogModuleManager: Shutting down and abandoning module AnimGraphRuntime (8)
[2015.10.24-18.16.47:587][807]LogModuleManager: Shutting down and abandoning module Renderer (7)
[2015.10.24-18.16.47:587][807]LogModuleManager: Shutting down and abandoning module Engine (6)
[2015.10.24-18.16.47:587][807]LogModuleManager: Shutting down and abandoning module CoreUObject (5)
[2015.10.24-18.16.47:587][807]LogModuleManager: Shutting down and abandoning module NetworkFile (4)
[2015.10.24-18.16.47:587][807]LogModuleManager: Shutting down and abandoning module StreamingFile (3)
[2015.10.24-18.16.47:587][807]LogModuleManager: Shutting down and abandoning module SandboxFile (2)
[2015.10.24-18.16.47:587][807]LogModuleManager: Shutting down and abandoning module PakFile (1)
[2015.10.24-18.16.47:588][807]LogExit: Exiting.
[2015.10.24-18.16.47:618][807]Log file closed, 10/24/15 14:16:47
