[2015.10.26-16.53.38:005][  0]Log file open, 10/26/15 12:53:38
[2015.10.26-16.53.38:005][  0]LogInit:Display: Running engine for game: Time_Travel
[2015.10.26-16.53.38:005][  0]LogInit:Display: RandInit(780859062) SRandInit(780859063).
[2015.10.26-16.53.38:006][  0]LogTaskGraph: Started task graph with 4 named threads and 7 total threads.
[2015.10.26-16.53.38:006][  0]LogStats: Stats thread started at 0.078530
[2015.10.26-16.53.38:006][  0]LogInit: Version: 4.9.2-2707645+++depot+UE4-Releases+4.9
[2015.10.26-16.53.38:006][  0]LogInit: API Version: 2672455
[2015.10.26-16.53.38:006][  0]LogInit: Compiled (64-bit): Sep 28 2015 10:25:44
[2015.10.26-16.53.38:006][  0]LogInit: Compiled with Visual C++: 18.00.21005.01
[2015.10.26-16.53.38:006][  0]LogInit: Build Configuration: Development
[2015.10.26-16.53.38:006][  0]LogInit: Branch Name: ++depot+UE4-Releases+4.9
[2015.10.26-16.53.38:006][  0]LogInit: Command line: 
[2015.10.26-16.53.38:006][  0]LogInit: Base directory: C:/Program Files/Epic Games/4.9/Engine/Binaries/Win64/
[2015.10.26-16.53.38:006][  0]LogInit: Rocket: 1
[2015.10.26-16.53.38:013][  0]LogInit: Using libcurl 7.41.0
[2015.10.26-16.53.38:013][  0]LogInit:  - built for x86_64-pc-win32
[2015.10.26-16.53.38:013][  0]LogInit:  - supports SSL with WinSSL
[2015.10.26-16.53.38:013][  0]LogInit:  - other features:
[2015.10.26-16.53.38:013][  0]LogInit:      CURL_VERSION_SSL
[2015.10.26-16.53.38:013][  0]LogInit:      CURL_VERSION_IPV6
[2015.10.26-16.53.38:013][  0]LogInit:      CURL_VERSION_ASYNCHDNS
[2015.10.26-16.53.38:013][  0]LogInit:      CURL_VERSION_LARGEFILE
[2015.10.26-16.53.38:013][  0]LogInit:      CURL_VERSION_IDN
[2015.10.26-16.53.38:013][  0]LogInit:  CurlRequestOptions (configurable via config and command line):
[2015.10.26-16.53.38:013][  0]LogInit:  - bVerifyPeer = true  - Libcurl will verify peer certificate
[2015.10.26-16.53.38:013][  0]LogInit:  - bUseHttpProxy = false  - Libcurl will NOT use HTTP proxy
[2015.10.26-16.53.38:013][  0]LogInit:  - bDontReuseConnections = false  - Libcurl will reuse connections
[2015.10.26-16.53.38:013][  0]LogInit:  - CertBundlePath = nullptr  - Libcurl will use whatever was configured at build time.
[2015.10.26-16.53.38:018][  0]LogInit: Presizing for 0 objects not considered by GC, pre-allocating 0 bytes.
[2015.10.26-16.53.38:026][  0]LogInit: Object subsystem initialized
[2015.10.26-16.53.38:027][  0]LogInit: Selected Device Profile: [Windows]
[2015.10.26-16.53.38:027][  0]LogInit: Applying CVar settings loaded from the selected device profile: [Windows]
[2015.10.26-16.53.38:035][  0]LogInit: Computer: SA2502-PC03
[2015.10.26-16.53.38:035][  0]LogInit: User: DEWEYM
[2015.10.26-16.53.38:035][  0]LogInit: CPU Page size=4096, Cores=4
[2015.10.26-16.53.38:035][  0]LogInit: High frequency timer resolution =3.428085 MHz
[2015.10.26-16.53.38:035][  0]LogMemory: Memory total: Physical=15.9GB (16GB approx)
[2015.10.26-16.53.38:035][  0]LogMemory: Platform Memory Stats for Windows
[2015.10.26-16.53.38:035][  0]LogMemory: Process Physical Memory: 54.46 MB used, 54.46 MB peak
[2015.10.26-16.53.38:035][  0]LogMemory: Process Virtual Memory: 57.25 MB used, 57.25 MB peak
[2015.10.26-16.53.38:035][  0]LogMemory: Physical Memory: 4054.73 MB used, 16253.98 MB total
[2015.10.26-16.53.38:035][  0]LogMemory: Virtual Memory: 337.52 MB used, 8388608.00 MB total
[2015.10.26-16.53.38:069][  0]LogTextLocalizationManager: No specific translations for ('en-US') exist, so ('en') translations will be used.
[2015.10.26-16.53.38:680][  0]LogD3D11RHI: Found D3D11 adapter 0: NVIDIA GeForce GTX 680 (Feature Level 11_0)
[2015.10.26-16.53.38:680][  0]LogD3D11RHI: Adapter has 4027MB of dedicated video memory, 0MB of dedicated system memory, and 7870MB of shared system memory, 2 output[s]
[2015.10.26-16.53.38:683][  0]LogD3D11RHI: Found D3D11 adapter 1: Intel(R) HD Graphics 4000 (Feature Level 11_0)
[2015.10.26-16.53.38:683][  0]LogD3D11RHI: Adapter has 64MB of dedicated video memory, 0MB of dedicated system memory, and 1632MB of shared system memory, 0 output[s]
[2015.10.26-16.53.38:683][  0]LogD3D11RHI: Chosen D3D11 Adapter Id = 0
[2015.10.26-16.53.38:696][  0]LogD3D11RHI: !Direct3DDevice
[2015.10.26-16.53.38:696][  0]LogRHI: Texture pool is 1361 MB (70% of 1945 MB)
[2015.10.26-16.53.38:704][  0]LogD3D11RHI: Async texture creation enabled
[2015.10.26-16.53.38:717][  0]LogShaderCompilers: Guid format shader working directory is 15 characters bigger than the processId version (../../../../../../Users/deweym/Desktop/Git/Time_Travel/Intermediate/Shaders/WorkingDirectory/6800/).
[2015.10.26-16.53.38:718][  0]LogShaderCompilers: Cleaned the shader compiler working directory '../../../../../../Users/deweym/Desktop/Git/Time_Travel/Intermediate/Shaders/tmp/E665E19D4B1AAB7238C2CDB65FF41CF0/'.
[2015.10.26-16.53.38:718][  0]LogShaderCompilers:Display: Using Local Shader Compiler.
[2015.10.26-16.53.39:814][  0]LogTemp:Display: Loaded TP AllDesktopTargetPlatform
[2015.10.26-16.53.39:818][  0]LogTemp:Display: Loaded TP WindowsClientTargetPlatform
[2015.10.26-16.53.39:822][  0]LogTemp:Display: Loaded TP WindowsNoEditorTargetPlatform
[2015.10.26-16.53.39:827][  0]LogTemp:Display: Loaded TP WindowsServerTargetPlatform
[2015.10.26-16.53.39:831][  0]LogTemp:Display: Loaded TP WindowsTargetPlatform
[2015.10.26-16.53.39:834][  0]LogTemp:Display: Loaded TP AndroidTargetPlatform
[2015.10.26-16.53.39:837][  0]LogTemp:Display: Loaded TP Android_ASTCTargetPlatform
[2015.10.26-16.53.39:840][  0]LogTemp:Display: Loaded TP Android_ATCTargetPlatform
[2015.10.26-16.53.39:843][  0]LogTemp:Display: Loaded TP Android_DXTTargetPlatform
[2015.10.26-16.53.39:846][  0]LogTemp:Display: Loaded TP Android_ETC1TargetPlatform
[2015.10.26-16.53.39:850][  0]LogTemp:Display: Loaded TP Android_ETC2TargetPlatform
[2015.10.26-16.53.39:856][  0]LogTemp:Display: Loaded TP Android_PVRTCTargetPlatform
[2015.10.26-16.53.39:856][  0]LogTemp:Display: Loaded TP HTML5TargetPlatform
[2015.10.26-16.53.39:872][  0]LogTemp:Display: Loaded TP IOSTargetPlatform
[2015.10.26-16.53.39:874][  0]LogTemp:Display: Loaded TP LinuxNoEditorTargetPlatform
[2015.10.26-16.53.39:878][  0]LogTemp:Display: Loaded TP LinuxServerTargetPlatform
[2015.10.26-16.53.39:881][  0]LogTemp:Display: Loaded TP LinuxTargetPlatform
[2015.10.26-16.53.39:881][  0]LogTargetPlatformManager:Display: Building Assets For Windows
[2015.10.26-16.53.39:952][  0]LogDerivedDataCache:Display: Max Cache Size: 512 MB
[2015.10.26-16.53.39:988][  0]LogDerivedDataCache: Loaded boot cache 0.04s 41MB C:/Users/deweym/AppData/Local/UnrealEngine/4.9/DerivedDataCache/Boot.ddc.
[2015.10.26-16.53.39:988][  0]LogDerivedDataCache:Display: Loaded Boot cache: C:/Users/deweym/AppData/Local/UnrealEngine/4.9/DerivedDataCache/Boot.ddc
[2015.10.26-16.53.39:988][  0]LogDerivedDataCache: FDerivedDataBackendGraph:  Pak pak cache file ../../../../../../Users/deweym/Desktop/Git/Time_Travel/DerivedDataCache/DDC.ddp not found, will not use a pak cache.
[2015.10.26-16.53.39:988][  0]LogDerivedDataCache: Unable to find inner node Pak for hierarchical cache Hierarchy.
[2015.10.26-16.53.39:988][  0]LogDerivedDataCache: FDerivedDataBackendGraph:  CompressedPak pak cache file ../../../../../../Users/deweym/Desktop/Git/Time_Travel/DerivedDataCache/Compressed.ddp not found, will not use a pak cache.
[2015.10.26-16.53.39:988][  0]LogDerivedDataCache: Unable to find inner node CompressedPak for hierarchical cache Hierarchy.
[2015.10.26-16.53.40:135][  0]LogDerivedDataCache:Display: Pak cache opened for reading ../../../Engine/DerivedDataCache/Compressed.ddp.
[2015.10.26-16.53.40:146][  0]LogDerivedDataCache: Using Local data cache path C:/Users/deweym/AppData/Local/UnrealEngine/Common/DerivedDataCache: Writable
[2015.10.26-16.53.40:330][  0]LogInit: Selected Device Profile: [Windows]
[2015.10.26-16.53.40:331][  0]LogContentStreaming: Texture pool size is 0.000000MB
[2015.10.26-16.53.40:352][  0]LogMeshUtilities: No automatic mesh reduction module available
[2015.10.26-16.53.40:352][  0]LogMeshUtilities: No automatic mesh merging module available
[2015.10.26-16.53.40:670][  0]LogInit: WinSock: version 1.1 (2.2), MaxSocks=32767, MaxUdp=65467
[2015.10.26-16.53.41:266][  0]UdpMessaging: Initializing bridge on interface 0.0.0.0:0 to multicast group 230.0.0.1:6666.
[2015.10.26-16.53.41:359][  0]LogAssetRegistry: FAssetRegistry took 0.0097 seconds to start up
[2015.10.26-16.53.41:508][  0]SourceControl: Info Source control is disabled
[2015.10.26-16.53.41:513][  0]SourceControl: Info Source control is disabled
[2015.10.26-16.53.41:522][  0]SourceControl: Info Source control is disabled
[2015.10.26-16.53.41:534][  0]SourceControl: Info Source control is disabled
[2015.10.26-16.53.41:659][  0]LogLinker:Warning: Asset '../../../Engine/Plugins/Runtime/LeapMotionController/Content/LM_PassthroughMaterial.uasset' has been saved with empty engine version. The asset will be loaded but may be incompatible.
[2015.10.26-16.53.41:728][  0]LogObj: 28365 objects as part of root set at end of initial load.
[2015.10.26-16.53.41:728][  0]LogUObjectAllocator: 6039712 out of 0 bytes used by permanent object pool.
[2015.10.26-16.53.41:781][  0]LogEngine: Initializing Engine...
[2015.10.26-16.53.41:783][  0]LogHMD: Can't find Oculus library dev build: is proper Runtime installed? Version: 0.7.0.0
[2015.10.26-16.53.41:783][  0]LogHMD: SteamVR failed to initialize.  Err: 110
[2015.10.26-16.53.41:902][  0]LogAIModule: Creating AISystem for world NewWorld
[2015.10.26-16.53.41:907][  0]LogInit: XAudio2 using 'Speakers (Realtek High Definition Audio)' : 2 channels at 48 kHz using 32 bits per sample (channel mask 0x3)
[2015.10.26-16.53.41:932][  0]LogInit: FAudioDevice initialized.
[2015.10.26-16.53.41:950][  0]LogDerivedDataCache: Saved boot cache 0.02s 41MB C:/Users/deweym/AppData/Local/UnrealEngine/4.9/DerivedDataCache/Boot.ddc.
[2015.10.26-16.53.41:954][  0]LogInit: Texture streaming: Enabled
[2015.10.26-16.53.41:958][  0]LogAnalytics: Creating configured Analytics provider AnalyticsET
[2015.10.26-16.53.41:958][  0]LogAnalytics: [UEEditor.Rocket.Release] APIServer = http://et2.epicgames.com/ET2/. AppVersion = 4.9.2-2707645+++depot+UE4-Releases+4.9
[2015.10.26-16.53.41:958][  0]LogAnalytics: [UEEditor.Rocket.Release] SetUserId fcea5a2141a743656a50c19051b49d28|296cc090900445e985a190bb6d60081a|fb55ffd5-246e-4541-9d06-aaf685c0fe31
[2015.10.26-16.53.41:958][  0]LogAnalytics: [UEEditor.Rocket.Release] AnalyticsET::StartSession
[2015.10.26-16.53.41:972][  0]LogInit: Transaction tracking system initialized
[2015.10.26-16.53.41:995][  0]BlueprintLog: New page: Editor Load
[2015.10.26-16.53.42:060][  0]LocalizationService: Info Localization service is disabled
[2015.10.26-16.53.42:123][  0]LogConsoleResponse:Display: 
[2015.10.26-16.53.42:228][  0]LogCook:Display: Done creating registry. It took  0.00s.
[2015.10.26-16.53.42:278][  0]LogFileCache: Scanning file cache for directory 'C:/Users/deweym/Desktop/Git/Time_Travel/Content/' took 0.01s
[2015.10.26-16.53.42:278][  0]SourceControl: Info Source control is disabled
[2015.10.26-16.53.42:278][  0]Cmd: MAP LOAD FILE="../../../../../../Users/deweym/Desktop/Git/Time_Travel/Content/ThirdPersonBP/Maps/ThirdPersonExampleMap.umap" TEMPLATE=0 SHOWPROGRESS=1 FEATURELEVEL=3
[2015.10.26-16.53.42:278][  0]LightingResults: New page: Lighting Build
[2015.10.26-16.53.42:282][  0]MapCheck: New page: Map Check
[2015.10.26-16.53.42:282][  0]LightingResults: New page: Lighting Build
[2015.10.26-16.53.42:291][  0]LogParticles: Destroying 0 GPU particle simulations for FXSystem 0x000000001F09C400
[2015.10.26-16.53.42:296][  0]LogLinker:Warning: Asset '../../../../../../Users/deweym/Desktop/Git/Time_Travel/Content/ThirdPersonBP/Blueprints/ThirdPersonCharacter.uasset' has been saved with empty engine version. The asset will be loaded but may be incompatible.
[2015.10.26-16.53.42:302][  0]LogLinker:Warning: Asset '../../../../../../Users/deweym/Desktop/Git/Time_Travel/Content/Mannequin/Animations/ThirdPerson_AnimBP.uasset' has been saved with empty engine version. The asset will be loaded but may be incompatible.
[2015.10.26-16.53.42:305][  0]LogLinker:Warning: Asset '../../../../../../Users/deweym/Desktop/Git/Time_Travel/Content/Mannequin/Animations/ThirdPerson_Jump.uasset' has been saved with empty engine version. The asset will be loaded but may be incompatible.
[2015.10.26-16.53.42:311][  0]LogLinker:Warning: Asset '../../../../../../Users/deweym/Desktop/Git/Time_Travel/Content/Mannequin/Animations/ThirdPersonJump_Loop.uasset' has been saved with empty engine version. The asset will be loaded but may be incompatible.
[2015.10.26-16.53.42:314][  0]LogLinker:Warning: Asset '../../../../../../Users/deweym/Desktop/Git/Time_Travel/Content/Mannequin/Animations/ThirdPersonJump_Start.uasset' has been saved with empty engine version. The asset will be loaded but may be incompatible.
[2015.10.26-16.53.42:316][  0]LogLinker:Warning: Asset '../../../../../../Users/deweym/Desktop/Git/Time_Travel/Content/Mannequin/Animations/ThirdPerson_IdleRun_2D.uasset' has been saved with empty engine version. The asset will be loaded but may be incompatible.
[2015.10.26-16.53.42:319][  0]LogLinker:Warning: Asset '../../../../../../Users/deweym/Desktop/Git/Time_Travel/Content/Mannequin/Animations/ThirdPersonIdle.uasset' has been saved with empty engine version. The asset will be loaded but may be incompatible.
[2015.10.26-16.53.42:321][  0]LogLinker:Warning: Asset '../../../../../../Users/deweym/Desktop/Git/Time_Travel/Content/Mannequin/Animations/ThirdPersonRun.uasset' has been saved with empty engine version. The asset will be loaded but may be incompatible.
[2015.10.26-16.53.42:324][  0]LogLinker:Warning: Asset '../../../../../../Users/deweym/Desktop/Git/Time_Travel/Content/Mannequin/Animations/ThirdPersonWalk.uasset' has been saved with empty engine version. The asset will be loaded but may be incompatible.
[2015.10.26-16.53.43:084][  0]LogAIModule: Creating AISystem for world ThirdPersonExampleMap
[2015.10.26-16.53.43:091][  0]LogEditorServer: Finished looking for orphan Actors (0.000 secs)
[2015.10.26-16.53.43:092][  0]Cmd: MAP CHECKDEP NOCLEARLOG
[2015.10.26-16.53.43:138][  0]MapCheck: Info Map check complete: 0 Error(s), 0 Warning(s), took 45.545ms to complete.
[2015.10.26-16.53.43:138][  0]LogFileHelpers: Loading map 'ThirdPersonExampleMap' took 0.860
[2015.10.26-16.53.43:261][  0]LogCollectionManager: Loaded 0 collections in 0.001785 seconds
[2015.10.26-16.53.43:300][  0]LogFileCache: Scanning file cache for directory 'C:/Users/deweym/Desktop/Git/Time_Travel/Saved/Collections/' took 0.01s
[2015.10.26-16.53.43:300][  0]LogFileCache: Scanning file cache for directory 'C:/Users/deweym/Desktop/Git/Time_Travel/Content/Developers/DEWEYM/Collections/' took 0.01s
[2015.10.26-16.53.43:300][  0]LogFileCache: Scanning file cache for directory 'C:/Users/deweym/Desktop/Git/Time_Travel/Content/Collections/' took 0.01s
[2015.10.26-16.53.43:300][  0]LogContentBrowser: Native class hierarchy populated in 0.0076 seconds. Added 1868 classes and 335 folders.
[2015.10.26-16.53.43:309][  0]LogCollectionManager: Rebuilt the GUID cache for 0 collections in 0.000003 seconds
[2015.10.26-16.53.43:318][  0]LogContentBrowser: Native class hierarchy updated for 'WidgetCarousel' in 0.0020 seconds. Added 0 classes and 0 folders.
[2015.10.26-16.53.43:524][  0]LogContentBrowser: Native class hierarchy updated for 'AddContentDialog' in 0.0021 seconds. Added 0 classes and 0 folders.
[2015.10.26-16.53.43:531][  0]LogContentBrowser: Native class hierarchy updated for 'SceneOutliner' in 0.0021 seconds. Added 1 classes and 2 folders.
[2015.10.26-16.53.43:565][  0]LogCrashTracker: Crashtracker disabled due to settings.
[2015.10.26-16.53.43:575][  0]LogUObjectGlobals:Warning: Failed to find object 'Class None.'
[2015.10.26-16.53.43:595][  0]LogLoad: Full Startup: 6.51 seconds (BP compile: 0.11 seconds)
[2015.10.26-16.53.43:689][  0]LogContentStreaming: Texture pool size now 1000 MB
[2015.10.26-16.53.43:842][  0]LogRenderer: Reallocating scene render targets to support 1208x680 (Frame:2).
[2015.10.26-16.53.43:999][  3]LogAssetRegistry: Asset discovery search completed in 2.6496 seconds
[2015.10.26-16.53.43:999][  3]LogCo